2025-08-04 10:16:02,949 - INFO - Inputs: ODC_AD_BR1, ODC_AD_BR2, ODC_AD_BR3, ODC_AD_BR4, ODC_AD_BR5, ODC_AD_BR6, ODC_AD_BR7, ODC_AD_BR8, ODC_AD_BR9, ODC_AD_BR10, ODC_CTL_BR1, ODC_CTL_BR2, ODC_CTL_BR3, ODC_CTL_BR4, ODC_CTL_BR5, ODC_CTL_BR7, ODC_CTL_BR8, ODC_CTL_BR9, ODC_CTL_BR10, ODC_CTL_BR11
2025-08-04 10:16:02,949 - INFO - Apply cooler weights? no.
2025-08-04 10:16:02,950 - INFO - CHRSPLIT: 10
2025-08-04 10:16:02,950 - INFO - Sub matrix size PHI: nan
2025-08-04 10:16:02,950 - INFO - Window shift phi: 1
2025-08-04 10:16:02,950 - INFO - Chromosomes: ['22', 'X']
2025-08-04 10:16:02,950 - INFO - Resolutions: [10000]
2025-08-04 10:38:22,404 - INFO - Inputs: ODC_AD_BR1, ODC_AD_BR2, ODC_AD_BR3, ODC_AD_BR4, ODC_AD_BR5, ODC_AD_BR6, ODC_AD_BR7, ODC_AD_BR8, ODC_AD_BR9, ODC_AD_BR10, ODC_CTL_BR1, ODC_CTL_BR2, ODC_CTL_BR3, ODC_CTL_BR4, ODC_CTL_BR5, ODC_CTL_BR7, ODC_CTL_BR8, ODC_CTL_BR9, ODC_CTL_BR10, ODC_CTL_BR11
2025-08-04 10:38:22,404 - INFO - Apply cooler weights? no.
2025-08-04 10:38:22,405 - INFO - CHRSPLIT: 10
2025-08-04 10:38:22,405 - INFO - Sub matrix size PHI: nan
2025-08-04 10:38:22,405 - INFO - Window shift phi: 1
2025-08-04 10:38:22,405 - INFO - Chromosomes: ['22', 'X']
2025-08-04 10:38:22,405 - INFO - Resolutions: [10000]
2025-08-04 10:38:50,153 - INFO - Inputs: ODC_AD_BR1, ODC_AD_BR2, ODC_AD_BR3, ODC_AD_BR4, ODC_AD_BR5, ODC_AD_BR6, ODC_AD_BR7, ODC_AD_BR8, ODC_AD_BR9, ODC_AD_BR10, ODC_CTL_BR1, ODC_CTL_BR2, ODC_CTL_BR3, ODC_CTL_BR4, ODC_CTL_BR5, ODC_CTL_BR7, ODC_CTL_BR8, ODC_CTL_BR9, ODC_CTL_BR10, ODC_CTL_BR11
2025-08-04 10:38:50,153 - INFO - Apply cooler weights? no.
2025-08-04 10:38:50,153 - INFO - CHRSPLIT: 10
2025-08-04 10:38:50,153 - INFO - Sub matrix size PHI: nan
2025-08-04 10:38:50,153 - INFO - Window shift phi: 1
2025-08-04 10:38:50,153 - INFO - Chromosomes: ['22', 'X']
2025-08-04 10:38:50,153 - INFO - Resolutions: [10000]
2025-08-04 10:42:22,770 - INFO - Inputs: ODC_AD_BR1, ODC_AD_BR2, ODC_AD_BR3, ODC_AD_BR4, ODC_AD_BR5, ODC_AD_BR6, ODC_AD_BR7, ODC_AD_BR8, ODC_AD_BR9, ODC_AD_BR10, ODC_CTL_BR1, ODC_CTL_BR2, ODC_CTL_BR3, ODC_CTL_BR4, ODC_CTL_BR5, ODC_CTL_BR7, ODC_CTL_BR8, ODC_CTL_BR9, ODC_CTL_BR10, ODC_CTL_BR11
2025-08-04 10:42:22,771 - INFO - Apply cooler weights? no.
2025-08-04 10:42:22,771 - INFO - CHRSPLIT: 10
2025-08-04 10:42:22,771 - INFO - Sub matrix size PHI: nan
2025-08-04 10:42:22,771 - INFO - Window shift phi: 1
2025-08-04 10:42:22,771 - INFO - Chromosomes: ['22', 'X']
2025-08-04 10:42:22,771 - INFO - Resolutions: [10000]
2025-08-04 10:48:37,526 - INFO - Inputs: ODC_AD_BR1, ODC_AD_BR2, ODC_AD_BR3, ODC_AD_BR4, ODC_AD_BR5, ODC_AD_BR6, ODC_AD_BR7, ODC_AD_BR8, ODC_AD_BR9, ODC_AD_BR10, ODC_CTL_BR1, ODC_CTL_BR2, ODC_CTL_BR3, ODC_CTL_BR4, ODC_CTL_BR5, ODC_CTL_BR7, ODC_CTL_BR8, ODC_CTL_BR9, ODC_CTL_BR10, ODC_CTL_BR11
2025-08-04 10:48:37,526 - INFO - Apply cooler weights? no.
2025-08-04 10:48:37,526 - INFO - CHRSPLIT: 10
2025-08-04 10:48:37,526 - INFO - Sub matrix size PHI: nan
2025-08-04 10:48:37,526 - INFO - Window shift phi: 1
2025-08-04 10:48:37,526 - INFO - Chromosomes: ['22', 'X']
2025-08-04 10:48:37,526 - INFO - Resolutions: [10000]
2025-08-04 10:50:20,232 - INFO - Inputs: ODC_AD_BR1, ODC_AD_BR2, ODC_AD_BR3, ODC_AD_BR4, ODC_AD_BR5, ODC_AD_BR6, ODC_AD_BR7, ODC_AD_BR8, ODC_AD_BR9, ODC_AD_BR10, ODC_CTL_BR1, ODC_CTL_BR2, ODC_CTL_BR3, ODC_CTL_BR4, ODC_CTL_BR5, ODC_CTL_BR7, ODC_CTL_BR8, ODC_CTL_BR9, ODC_CTL_BR10, ODC_CTL_BR11
2025-08-04 10:50:20,232 - INFO - Apply cooler weights? no.
2025-08-04 10:50:20,232 - INFO - CHRSPLIT: 10
2025-08-04 10:50:20,232 - INFO - Sub matrix size PHI: nan
2025-08-04 10:50:20,232 - INFO - Window shift phi: 1
2025-08-04 10:50:20,232 - INFO - Chromosomes: ['22', 'X']
2025-08-04 10:50:20,232 - INFO - Resolutions: [10000]
2025-08-04 10:51:03,913 - INFO - Inputs: ODC_AD_BR1, ODC_AD_BR2, ODC_AD_BR3, ODC_AD_BR4, ODC_AD_BR5, ODC_AD_BR6, ODC_AD_BR7, ODC_AD_BR8, ODC_AD_BR9, ODC_AD_BR10, ODC_CTL_BR1, ODC_CTL_BR2, ODC_CTL_BR3, ODC_CTL_BR4, ODC_CTL_BR5, ODC_CTL_BR7, ODC_CTL_BR8, ODC_CTL_BR9, ODC_CTL_BR10, ODC_CTL_BR11
2025-08-04 10:51:03,914 - INFO - Apply cooler weights? no.
2025-08-04 10:51:03,914 - INFO - CHRSPLIT: 10
2025-08-04 10:51:03,914 - INFO - Sub matrix size PHI: nan
2025-08-04 10:51:03,914 - INFO - Window shift phi: 1
2025-08-04 10:51:03,914 - INFO - Chromosomes: ['22', 'X']
2025-08-04 10:51:03,914 - INFO - Resolutions: [10000]
2025-08-04 10:51:49,058 - INFO - Inputs: ODC_AD_BR1, ODC_AD_BR2, ODC_AD_BR3, ODC_AD_BR4, ODC_AD_BR5, ODC_AD_BR6, ODC_AD_BR7, ODC_AD_BR8, ODC_AD_BR9, ODC_AD_BR10, ODC_CTL_BR1, ODC_CTL_BR2, ODC_CTL_BR3, ODC_CTL_BR4, ODC_CTL_BR5, ODC_CTL_BR7, ODC_CTL_BR8, ODC_CTL_BR9, ODC_CTL_BR10, ODC_CTL_BR11
2025-08-04 10:51:49,058 - INFO - Apply cooler weights? no.
2025-08-04 10:51:49,058 - INFO - CHRSPLIT: 10
2025-08-04 10:51:49,058 - INFO - Sub matrix size PHI: nan
2025-08-04 10:51:49,058 - INFO - Window shift phi: 1
2025-08-04 10:51:49,058 - INFO - Chromosomes: ['22', 'X']
2025-08-04 10:51:49,058 - INFO - Resolutions: [10000]
2025-08-04 10:52:13,892 - INFO - Inputs: ODC_AD_BR1, ODC_AD_BR2, ODC_AD_BR3, ODC_AD_BR4, ODC_AD_BR5, ODC_AD_BR6, ODC_AD_BR7, ODC_AD_BR8, ODC_AD_BR9, ODC_AD_BR10, ODC_CTL_BR1, ODC_CTL_BR2, ODC_CTL_BR3, ODC_CTL_BR4, ODC_CTL_BR5, ODC_CTL_BR7, ODC_CTL_BR8, ODC_CTL_BR9, ODC_CTL_BR10, ODC_CTL_BR11
2025-08-04 10:52:13,893 - INFO - Apply cooler weights? no.
2025-08-04 10:52:13,893 - INFO - CHRSPLIT: 10
2025-08-04 10:52:13,893 - INFO - Sub matrix size PHI: nan
2025-08-04 10:52:13,893 - INFO - Window shift phi: 1
2025-08-04 10:52:13,893 - INFO - Chromosomes: ['22', 'X']
2025-08-04 10:52:13,893 - INFO - Resolutions: [10000]
2025-08-04 10:52:23,599 - INFO - Inputs: ODC_AD_BR1, ODC_AD_BR2, ODC_AD_BR3, ODC_AD_BR4, ODC_AD_BR5, ODC_AD_BR6, ODC_AD_BR7, ODC_AD_BR8, ODC_AD_BR9, ODC_AD_BR10, ODC_CTL_BR1, ODC_CTL_BR2, ODC_CTL_BR3, ODC_CTL_BR4, ODC_CTL_BR5, ODC_CTL_BR7, ODC_CTL_BR8, ODC_CTL_BR9, ODC_CTL_BR10, ODC_CTL_BR11
2025-08-04 10:52:23,600 - INFO - Apply cooler weights? no.
2025-08-04 10:52:23,600 - INFO - CHRSPLIT: 10
2025-08-04 10:52:23,600 - INFO - Sub matrix size PHI: nan
2025-08-04 10:52:23,600 - INFO - Window shift phi: 1
2025-08-04 10:52:23,600 - INFO - Chromosomes: ['22', 'X']
2025-08-04 10:52:23,601 - INFO - Resolutions: [10000]
2025-08-04 10:52:56,856 - INFO - Inputs: ODC_AD_BR1, ODC_AD_BR2, ODC_AD_BR3, ODC_AD_BR4, ODC_AD_BR5, ODC_AD_BR6, ODC_AD_BR7, ODC_AD_BR8, ODC_AD_BR9, ODC_AD_BR10, ODC_CTL_BR1, ODC_CTL_BR2, ODC_CTL_BR3, ODC_CTL_BR4, ODC_CTL_BR5, ODC_CTL_BR7, ODC_CTL_BR8, ODC_CTL_BR9, ODC_CTL_BR10, ODC_CTL_BR11
2025-08-04 10:52:56,856 - INFO - Apply cooler weights? no.
2025-08-04 10:52:56,856 - INFO - CHRSPLIT: 10
2025-08-04 10:52:56,856 - INFO - Sub matrix size PHI: nan
2025-08-04 10:52:56,856 - INFO - Window shift phi: 1
2025-08-04 10:52:56,857 - INFO - Chromosomes: ['22', 'X']
2025-08-04 10:52:56,857 - INFO - Resolutions: [10000]
2025-08-04 10:53:38,921 - INFO - Inputs: ODC_AD_BR1, ODC_AD_BR2, ODC_AD_BR3, ODC_AD_BR4, ODC_AD_BR5, ODC_AD_BR6, ODC_AD_BR7, ODC_AD_BR8, ODC_AD_BR9, ODC_AD_BR10, ODC_CTL_BR1, ODC_CTL_BR2, ODC_CTL_BR3, ODC_CTL_BR4, ODC_CTL_BR5, ODC_CTL_BR7, ODC_CTL_BR8, ODC_CTL_BR9, ODC_CTL_BR10, ODC_CTL_BR11
2025-08-04 10:53:38,921 - INFO - Apply cooler weights? no.
2025-08-04 10:53:38,921 - INFO - CHRSPLIT: 10
2025-08-04 10:53:38,921 - INFO - Sub matrix size PHI: nan
2025-08-04 10:53:38,921 - INFO - Window shift phi: 1
2025-08-04 10:53:38,921 - INFO - Chromosomes: ['21', '22']
2025-08-04 10:53:38,921 - INFO - Resolutions: [10000, 25000]
2025-08-04 11:00:41,990 - INFO - Inputs: ODC_AD_BR1, ODC_AD_BR2, ODC_AD_BR3, ODC_AD_BR4, ODC_AD_BR5, ODC_AD_BR6, ODC_AD_BR7, ODC_AD_BR8, ODC_AD_BR9, ODC_AD_BR10, ODC_CTL_BR1, ODC_CTL_BR2, ODC_CTL_BR3, ODC_CTL_BR4, ODC_CTL_BR5, ODC_CTL_BR7, ODC_CTL_BR8, ODC_CTL_BR9, ODC_CTL_BR10, ODC_CTL_BR11
2025-08-04 11:00:41,990 - INFO - Apply cooler weights? no.
2025-08-04 11:00:41,990 - INFO - CHRSPLIT: 10
2025-08-04 11:00:41,990 - INFO - Sub matrix size PHI: nan
2025-08-04 11:00:41,990 - INFO - Window shift phi: 1
2025-08-04 11:00:41,991 - INFO - Chromosomes: ['21', '22']
2025-08-04 11:00:41,991 - INFO - Resolutions: [10000, 25000]
2025-08-04 11:01:01,526 - INFO - Chr21 10.0kb for /HDD3/DocumentsHDD3/07_2022-/scBRAIN/wenliang/2021_merged.mcool written to OUTPUT/PYTHON/AD_CTRL_10kb_ENT3C_OUT.csv
2025-08-04 11:03:36,785 - INFO - Inputs: ODC_AD_BR1, ODC_AD_BR2, ODC_AD_BR3, ODC_AD_BR4, ODC_AD_BR5, ODC_AD_BR6, ODC_AD_BR7, ODC_AD_BR8, ODC_AD_BR9, ODC_AD_BR10, ODC_CTL_BR1, ODC_CTL_BR2, ODC_CTL_BR3, ODC_CTL_BR4, ODC_CTL_BR5, ODC_CTL_BR7, ODC_CTL_BR8, ODC_CTL_BR9, ODC_CTL_BR10, ODC_CTL_BR11
2025-08-04 11:03:36,785 - INFO - Apply cooler weights? no.
2025-08-04 11:03:36,785 - INFO - CHRSPLIT: 10
2025-08-04 11:03:36,785 - INFO - Sub matrix size PHI: nan
2025-08-04 11:03:36,785 - INFO - Window shift phi: 1
2025-08-04 11:03:36,785 - INFO - Chromosomes: ['21', '22']
2025-08-04 11:03:36,786 - INFO - Resolutions: [10000, 25000]
2025-08-04 11:04:01,963 - INFO - Chr21 10.0kb for /HDD3/DocumentsHDD3/07_2022-/scBRAIN/wenliang/2021_merged.mcool written to OUTPUT/PYTHON/AD_CTRL_10kb_ENT3C_OUT.csv
2025-08-04 11:04:19,469 - INFO - Chr21 10.0kb for /HDD3/DocumentsHDD3/07_2022-/scBRAIN/wenliang/2026_merged.mcool written to OUTPUT/PYTHON/AD_CTRL_10kb_ENT3C_OUT.csv
2025-08-04 11:04:36,977 - INFO - Chr21 10.0kb for /HDD3/DocumentsHDD3/07_2022-/scBRAIN/wenliang/2027_merged.mcool written to OUTPUT/PYTHON/AD_CTRL_10kb_ENT3C_OUT.csv
2025-08-04 11:04:55,325 - INFO - Chr21 10.0kb for /HDD3/DocumentsHDD3/07_2022-/scBRAIN/wenliang/2037_merged.mcool written to OUTPUT/PYTHON/AD_CTRL_10kb_ENT3C_OUT.csv
2025-08-04 11:05:17,423 - INFO - Chr21 10.0kb for /HDD3/DocumentsHDD3/07_2022-/scBRAIN/wenliang/2058_merged.mcool written to OUTPUT/PYTHON/AD_CTRL_10kb_ENT3C_OUT.csv
2025-08-04 11:05:38,573 - INFO - Chr21 10.0kb for /HDD3/DocumentsHDD3/07_2022-/scBRAIN/wenliang/2112_merged.mcool written to OUTPUT/PYTHON/AD_CTRL_10kb_ENT3C_OUT.csv
2025-08-04 11:06:04,005 - INFO - Chr21 10.0kb for /HDD3/DocumentsHDD3/07_2022-/scBRAIN/wenliang/2178_merged.mcool written to OUTPUT/PYTHON/AD_CTRL_10kb_ENT3C_OUT.csv
2025-08-04 11:06:30,975 - INFO - Chr21 10.0kb for /HDD3/DocumentsHDD3/07_2022-/scBRAIN/wenliang/2215_merged.mcool written to OUTPUT/PYTHON/AD_CTRL_10kb_ENT3C_OUT.csv
2025-08-04 11:06:52,315 - INFO - Chr21 10.0kb for /HDD3/DocumentsHDD3/07_2022-/scBRAIN/wenliang/2232_merged.mcool written to OUTPUT/PYTHON/AD_CTRL_10kb_ENT3C_OUT.csv
2025-08-04 11:07:14,336 - INFO - Chr21 10.0kb for /HDD3/DocumentsHDD3/07_2022-/scBRAIN/wenliang/2210_merged.mcool written to OUTPUT/PYTHON/AD_CTRL_10kb_ENT3C_OUT.csv
2025-08-04 11:07:31,452 - INFO - Chr21 10.0kb for /HDD3/DocumentsHDD3/07_2022-/scBRAIN/wenliang/2012_merged.mcool written to OUTPUT/PYTHON/AD_CTRL_10kb_ENT3C_OUT.csv
2025-08-04 11:07:47,325 - INFO - Chr21 10.0kb for /HDD3/DocumentsHDD3/07_2022-/scBRAIN/wenliang/2097_merged.mcool written to OUTPUT/PYTHON/AD_CTRL_10kb_ENT3C_OUT.csv
2025-08-04 11:08:07,126 - INFO - Chr21 10.0kb for /HDD3/DocumentsHDD3/07_2022-/scBRAIN/wenliang/2058_merged.mcool written to OUTPUT/PYTHON/AD_CTRL_10kb_ENT3C_OUT.csv
2025-08-04 11:08:23,617 - INFO - Chr21 10.0kb for /HDD3/DocumentsHDD3/07_2022-/scBRAIN/wenliang/2380_merged.mcool written to OUTPUT/PYTHON/AD_CTRL_10kb_ENT3C_OUT.csv
2025-08-04 11:08:43,763 - INFO - Chr21 10.0kb for /HDD3/DocumentsHDD3/07_2022-/scBRAIN/wenliang/2068_merged.mcool written to OUTPUT/PYTHON/AD_CTRL_10kb_ENT3C_OUT.csv
2025-08-04 11:09:03,476 - INFO - Chr21 10.0kb for /HDD3/DocumentsHDD3/07_2022-/scBRAIN/wenliang/2191_merged.mcool written to OUTPUT/PYTHON/AD_CTRL_10kb_ENT3C_OUT.csv
2025-08-04 11:09:21,406 - INFO - Chr21 10.0kb for /HDD3/DocumentsHDD3/07_2022-/scBRAIN/wenliang/2259_merged.mcool written to OUTPUT/PYTHON/AD_CTRL_10kb_ENT3C_OUT.csv
2025-08-04 11:09:38,051 - INFO - Chr21 10.0kb for /HDD3/DocumentsHDD3/07_2022-/scBRAIN/wenliang/2274_merged.mcool written to OUTPUT/PYTHON/AD_CTRL_10kb_ENT3C_OUT.csv
2025-08-04 11:09:53,489 - INFO - Chr21 10.0kb for /HDD3/DocumentsHDD3/07_2022-/scBRAIN/wenliang/2327_merged.mcool written to OUTPUT/PYTHON/AD_CTRL_10kb_ENT3C_OUT.csv
2025-08-04 11:10:07,958 - INFO - Chr21 10.0kb for /HDD3/DocumentsHDD3/07_2022-/scBRAIN/wenliang/2339_merged.mcool written to OUTPUT/PYTHON/AD_CTRL_10kb_ENT3C_OUT.csv
2025-08-04 11:10:28,184 - INFO - Chr22 10.0kb for /HDD3/DocumentsHDD3/07_2022-/scBRAIN/wenliang/2021_merged.mcool written to OUTPUT/PYTHON/AD_CTRL_10kb_ENT3C_OUT.csv
2025-08-04 11:10:43,518 - INFO - Chr22 10.0kb for /HDD3/DocumentsHDD3/07_2022-/scBRAIN/wenliang/2026_merged.mcool written to OUTPUT/PYTHON/AD_CTRL_10kb_ENT3C_OUT.csv
2025-08-04 11:11:03,377 - INFO - Chr22 10.0kb for /HDD3/DocumentsHDD3/07_2022-/scBRAIN/wenliang/2027_merged.mcool written to OUTPUT/PYTHON/AD_CTRL_10kb_ENT3C_OUT.csv
2025-08-04 11:11:17,490 - INFO - Chr22 10.0kb for /HDD3/DocumentsHDD3/07_2022-/scBRAIN/wenliang/2037_merged.mcool written to OUTPUT/PYTHON/AD_CTRL_10kb_ENT3C_OUT.csv
2025-08-04 11:11:32,712 - INFO - Chr22 10.0kb for /HDD3/DocumentsHDD3/07_2022-/scBRAIN/wenliang/2058_merged.mcool written to OUTPUT/PYTHON/AD_CTRL_10kb_ENT3C_OUT.csv
2025-08-04 11:11:47,070 - INFO - Chr22 10.0kb for /HDD3/DocumentsHDD3/07_2022-/scBRAIN/wenliang/2112_merged.mcool written to OUTPUT/PYTHON/AD_CTRL_10kb_ENT3C_OUT.csv
2025-08-04 11:12:01,793 - INFO - Chr22 10.0kb for /HDD3/DocumentsHDD3/07_2022-/scBRAIN/wenliang/2178_merged.mcool written to OUTPUT/PYTHON/AD_CTRL_10kb_ENT3C_OUT.csv
2025-08-04 11:12:16,393 - INFO - Chr22 10.0kb for /HDD3/DocumentsHDD3/07_2022-/scBRAIN/wenliang/2215_merged.mcool written to OUTPUT/PYTHON/AD_CTRL_10kb_ENT3C_OUT.csv
2025-08-04 11:12:30,082 - INFO - Chr22 10.0kb for /HDD3/DocumentsHDD3/07_2022-/scBRAIN/wenliang/2232_merged.mcool written to OUTPUT/PYTHON/AD_CTRL_10kb_ENT3C_OUT.csv
2025-08-04 11:12:44,872 - INFO - Chr22 10.0kb for /HDD3/DocumentsHDD3/07_2022-/scBRAIN/wenliang/2210_merged.mcool written to OUTPUT/PYTHON/AD_CTRL_10kb_ENT3C_OUT.csv
2025-08-04 11:13:00,132 - INFO - Chr22 10.0kb for /HDD3/DocumentsHDD3/07_2022-/scBRAIN/wenliang/2012_merged.mcool written to OUTPUT/PYTHON/AD_CTRL_10kb_ENT3C_OUT.csv
2025-08-04 11:13:17,651 - INFO - Chr22 10.0kb for /HDD3/DocumentsHDD3/07_2022-/scBRAIN/wenliang/2097_merged.mcool written to OUTPUT/PYTHON/AD_CTRL_10kb_ENT3C_OUT.csv
2025-08-04 11:13:35,267 - INFO - Chr22 10.0kb for /HDD3/DocumentsHDD3/07_2022-/scBRAIN/wenliang/2058_merged.mcool written to OUTPUT/PYTHON/AD_CTRL_10kb_ENT3C_OUT.csv
2025-08-04 11:13:52,136 - INFO - Chr22 10.0kb for /HDD3/DocumentsHDD3/07_2022-/scBRAIN/wenliang/2380_merged.mcool written to OUTPUT/PYTHON/AD_CTRL_10kb_ENT3C_OUT.csv
2025-08-04 11:14:14,525 - INFO - Chr22 10.0kb for /HDD3/DocumentsHDD3/07_2022-/scBRAIN/wenliang/2068_merged.mcool written to OUTPUT/PYTHON/AD_CTRL_10kb_ENT3C_OUT.csv
2025-08-04 11:14:36,399 - INFO - Chr22 10.0kb for /HDD3/DocumentsHDD3/07_2022-/scBRAIN/wenliang/2191_merged.mcool written to OUTPUT/PYTHON/AD_CTRL_10kb_ENT3C_OUT.csv
2025-08-04 11:14:55,007 - INFO - Chr22 10.0kb for /HDD3/DocumentsHDD3/07_2022-/scBRAIN/wenliang/2259_merged.mcool written to OUTPUT/PYTHON/AD_CTRL_10kb_ENT3C_OUT.csv
2025-08-04 11:15:11,969 - INFO - Chr22 10.0kb for /HDD3/DocumentsHDD3/07_2022-/scBRAIN/wenliang/2274_merged.mcool written to OUTPUT/PYTHON/AD_CTRL_10kb_ENT3C_OUT.csv
2025-08-04 11:15:27,574 - INFO - Chr22 10.0kb for /HDD3/DocumentsHDD3/07_2022-/scBRAIN/wenliang/2327_merged.mcool written to OUTPUT/PYTHON/AD_CTRL_10kb_ENT3C_OUT.csv
2025-08-04 11:15:46,437 - INFO - Chr22 10.0kb for /HDD3/DocumentsHDD3/07_2022-/scBRAIN/wenliang/2339_merged.mcool written to OUTPUT/PYTHON/AD_CTRL_10kb_ENT3C_OUT.csv
2025-08-04 11:15:50,017 - INFO - Chr21 25.0kb for /HDD3/DocumentsHDD3/07_2022-/scBRAIN/wenliang/2021_merged.mcool written to OUTPUT/PYTHON/AD_CTRL_10kb_ENT3C_OUT.csv
2025-08-04 11:15:51,000 - INFO - Chr21 25.0kb for /HDD3/DocumentsHDD3/07_2022-/scBRAIN/wenliang/2026_merged.mcool written to OUTPUT/PYTHON/AD_CTRL_10kb_ENT3C_OUT.csv
2025-08-04 11:15:51,960 - INFO - Chr21 25.0kb for /HDD3/DocumentsHDD3/07_2022-/scBRAIN/wenliang/2027_merged.mcool written to OUTPUT/PYTHON/AD_CTRL_10kb_ENT3C_OUT.csv
2025-08-04 11:15:52,954 - INFO - Chr21 25.0kb for /HDD3/DocumentsHDD3/07_2022-/scBRAIN/wenliang/2037_merged.mcool written to OUTPUT/PYTHON/AD_CTRL_10kb_ENT3C_OUT.csv
2025-08-04 11:15:53,915 - INFO - Chr21 25.0kb for /HDD3/DocumentsHDD3/07_2022-/scBRAIN/wenliang/2058_merged.mcool written to OUTPUT/PYTHON/AD_CTRL_10kb_ENT3C_OUT.csv
2025-08-04 11:15:54,909 - INFO - Chr21 25.0kb for /HDD3/DocumentsHDD3/07_2022-/scBRAIN/wenliang/2112_merged.mcool written to OUTPUT/PYTHON/AD_CTRL_10kb_ENT3C_OUT.csv
2025-08-04 11:15:55,855 - INFO - Chr21 25.0kb for /HDD3/DocumentsHDD3/07_2022-/scBRAIN/wenliang/2178_merged.mcool written to OUTPUT/PYTHON/AD_CTRL_10kb_ENT3C_OUT.csv
2025-08-04 11:15:56,824 - INFO - Chr21 25.0kb for /HDD3/DocumentsHDD3/07_2022-/scBRAIN/wenliang/2215_merged.mcool written to OUTPUT/PYTHON/AD_CTRL_10kb_ENT3C_OUT.csv
2025-08-04 11:15:57,833 - INFO - Chr21 25.0kb for /HDD3/DocumentsHDD3/07_2022-/scBRAIN/wenliang/2232_merged.mcool written to OUTPUT/PYTHON/AD_CTRL_10kb_ENT3C_OUT.csv
2025-08-04 11:15:58,835 - INFO - Chr21 25.0kb for /HDD3/DocumentsHDD3/07_2022-/scBRAIN/wenliang/2210_merged.mcool written to OUTPUT/PYTHON/AD_CTRL_10kb_ENT3C_OUT.csv
2025-08-04 11:15:59,835 - INFO - Chr21 25.0kb for /HDD3/DocumentsHDD3/07_2022-/scBRAIN/wenliang/2012_merged.mcool written to OUTPUT/PYTHON/AD_CTRL_10kb_ENT3C_OUT.csv
2025-08-04 11:16:00,806 - INFO - Chr21 25.0kb for /HDD3/DocumentsHDD3/07_2022-/scBRAIN/wenliang/2097_merged.mcool written to OUTPUT/PYTHON/AD_CTRL_10kb_ENT3C_OUT.csv
2025-08-04 11:16:01,798 - INFO - Chr21 25.0kb for /HDD3/DocumentsHDD3/07_2022-/scBRAIN/wenliang/2058_merged.mcool written to OUTPUT/PYTHON/AD_CTRL_10kb_ENT3C_OUT.csv
2025-08-04 11:16:02,784 - INFO - Chr21 25.0kb for /HDD3/DocumentsHDD3/07_2022-/scBRAIN/wenliang/2380_merged.mcool written to OUTPUT/PYTHON/AD_CTRL_10kb_ENT3C_OUT.csv
2025-08-04 11:16:03,790 - INFO - Chr21 25.0kb for /HDD3/DocumentsHDD3/07_2022-/scBRAIN/wenliang/2068_merged.mcool written to OUTPUT/PYTHON/AD_CTRL_10kb_ENT3C_OUT.csv
2025-08-04 11:16:04,806 - INFO - Chr21 25.0kb for /HDD3/DocumentsHDD3/07_2022-/scBRAIN/wenliang/2191_merged.mcool written to OUTPUT/PYTHON/AD_CTRL_10kb_ENT3C_OUT.csv
2025-08-04 11:16:05,831 - INFO - Chr21 25.0kb for /HDD3/DocumentsHDD3/07_2022-/scBRAIN/wenliang/2259_merged.mcool written to OUTPUT/PYTHON/AD_CTRL_10kb_ENT3C_OUT.csv
2025-08-04 11:16:06,807 - INFO - Chr21 25.0kb for /HDD3/DocumentsHDD3/07_2022-/scBRAIN/wenliang/2274_merged.mcool written to OUTPUT/PYTHON/AD_CTRL_10kb_ENT3C_OUT.csv
2025-08-04 11:16:07,831 - INFO - Chr21 25.0kb for /HDD3/DocumentsHDD3/07_2022-/scBRAIN/wenliang/2327_merged.mcool written to OUTPUT/PYTHON/AD_CTRL_10kb_ENT3C_OUT.csv
2025-08-04 11:16:08,823 - INFO - Chr21 25.0kb for /HDD3/DocumentsHDD3/07_2022-/scBRAIN/wenliang/2339_merged.mcool written to OUTPUT/PYTHON/AD_CTRL_10kb_ENT3C_OUT.csv
2025-08-04 11:16:12,073 - INFO - Chr22 25.0kb for /HDD3/DocumentsHDD3/07_2022-/scBRAIN/wenliang/2021_merged.mcool written to OUTPUT/PYTHON/AD_CTRL_10kb_ENT3C_OUT.csv
2025-08-04 11:16:13,079 - INFO - Chr22 25.0kb for /HDD3/DocumentsHDD3/07_2022-/scBRAIN/wenliang/2026_merged.mcool written to OUTPUT/PYTHON/AD_CTRL_10kb_ENT3C_OUT.csv
2025-08-04 11:16:14,078 - INFO - Chr22 25.0kb for /HDD3/DocumentsHDD3/07_2022-/scBRAIN/wenliang/2027_merged.mcool written to OUTPUT/PYTHON/AD_CTRL_10kb_ENT3C_OUT.csv
2025-08-04 11:16:15,147 - INFO - Chr22 25.0kb for /HDD3/DocumentsHDD3/07_2022-/scBRAIN/wenliang/2037_merged.mcool written to OUTPUT/PYTHON/AD_CTRL_10kb_ENT3C_OUT.csv
2025-08-04 11:16:16,164 - INFO - Chr22 25.0kb for /HDD3/DocumentsHDD3/07_2022-/scBRAIN/wenliang/2058_merged.mcool written to OUTPUT/PYTHON/AD_CTRL_10kb_ENT3C_OUT.csv
2025-08-04 11:16:17,269 - INFO - Chr22 25.0kb for /HDD3/DocumentsHDD3/07_2022-/scBRAIN/wenliang/2112_merged.mcool written to OUTPUT/PYTHON/AD_CTRL_10kb_ENT3C_OUT.csv
2025-08-04 11:16:18,281 - INFO - Chr22 25.0kb for /HDD3/DocumentsHDD3/07_2022-/scBRAIN/wenliang/2178_merged.mcool written to OUTPUT/PYTHON/AD_CTRL_10kb_ENT3C_OUT.csv
2025-08-04 11:16:19,293 - INFO - Chr22 25.0kb for /HDD3/DocumentsHDD3/07_2022-/scBRAIN/wenliang/2215_merged.mcool written to OUTPUT/PYTHON/AD_CTRL_10kb_ENT3C_OUT.csv
2025-08-04 11:16:20,348 - INFO - Chr22 25.0kb for /HDD3/DocumentsHDD3/07_2022-/scBRAIN/wenliang/2232_merged.mcool written to OUTPUT/PYTHON/AD_CTRL_10kb_ENT3C_OUT.csv
2025-08-04 11:16:21,352 - INFO - Chr22 25.0kb for /HDD3/DocumentsHDD3/07_2022-/scBRAIN/wenliang/2210_merged.mcool written to OUTPUT/PYTHON/AD_CTRL_10kb_ENT3C_OUT.csv
2025-08-04 11:16:22,362 - INFO - Chr22 25.0kb for /HDD3/DocumentsHDD3/07_2022-/scBRAIN/wenliang/2012_merged.mcool written to OUTPUT/PYTHON/AD_CTRL_10kb_ENT3C_OUT.csv
2025-08-04 11:16:23,379 - INFO - Chr22 25.0kb for /HDD3/DocumentsHDD3/07_2022-/scBRAIN/wenliang/2097_merged.mcool written to OUTPUT/PYTHON/AD_CTRL_10kb_ENT3C_OUT.csv
2025-08-04 11:16:24,468 - INFO - Chr22 25.0kb for /HDD3/DocumentsHDD3/07_2022-/scBRAIN/wenliang/2058_merged.mcool written to OUTPUT/PYTHON/AD_CTRL_10kb_ENT3C_OUT.csv
2025-08-04 11:16:25,457 - INFO - Chr22 25.0kb for /HDD3/DocumentsHDD3/07_2022-/scBRAIN/wenliang/2380_merged.mcool written to OUTPUT/PYTHON/AD_CTRL_10kb_ENT3C_OUT.csv
2025-08-04 11:16:26,478 - INFO - Chr22 25.0kb for /HDD3/DocumentsHDD3/07_2022-/scBRAIN/wenliang/2068_merged.mcool written to OUTPUT/PYTHON/AD_CTRL_10kb_ENT3C_OUT.csv
2025-08-04 11:16:27,506 - INFO - Chr22 25.0kb for /HDD3/DocumentsHDD3/07_2022-/scBRAIN/wenliang/2191_merged.mcool written to OUTPUT/PYTHON/AD_CTRL_10kb_ENT3C_OUT.csv
2025-08-04 11:16:28,661 - INFO - Chr22 25.0kb for /HDD3/DocumentsHDD3/07_2022-/scBRAIN/wenliang/2259_merged.mcool written to OUTPUT/PYTHON/AD_CTRL_10kb_ENT3C_OUT.csv
2025-08-04 11:16:29,800 - INFO - Chr22 25.0kb for /HDD3/DocumentsHDD3/07_2022-/scBRAIN/wenliang/2274_merged.mcool written to OUTPUT/PYTHON/AD_CTRL_10kb_ENT3C_OUT.csv
2025-08-04 11:16:30,758 - INFO - Chr22 25.0kb for /HDD3/DocumentsHDD3/07_2022-/scBRAIN/wenliang/2327_merged.mcool written to OUTPUT/PYTHON/AD_CTRL_10kb_ENT3C_OUT.csv
2025-08-04 11:16:31,782 - INFO - Chr22 25.0kb for /HDD3/DocumentsHDD3/07_2022-/scBRAIN/wenliang/2339_merged.mcool written to OUTPUT/PYTHON/AD_CTRL_10kb_ENT3C_OUT.csv
2025-08-04 11:19:37,531 - INFO - Inputs: ODC_AD_BR1, ODC_AD_BR2, ODC_AD_BR3, ODC_AD_BR4, ODC_AD_BR5, ODC_AD_BR6, ODC_AD_BR7, ODC_AD_BR8, ODC_AD_BR9, ODC_AD_BR10, ODC_CTL_BR1, ODC_CTL_BR2, ODC_CTL_BR3, ODC_CTL_BR4, ODC_CTL_BR5, ODC_CTL_BR7, ODC_CTL_BR8, ODC_CTL_BR9, ODC_CTL_BR10, ODC_CTL_BR11
2025-08-04 11:19:37,531 - INFO - Apply cooler weights? no.
2025-08-04 11:19:37,531 - INFO - CHRSPLIT: 10
2025-08-04 11:19:37,531 - INFO - Sub matrix size PHI: nan
2025-08-04 11:19:37,531 - INFO - Window shift phi: 1
2025-08-04 11:19:37,531 - INFO - Chromosomes: ['21', '22']
2025-08-04 11:19:37,532 - INFO - Resolutions: [10000, 25000]
2025-08-04 11:19:56,394 - INFO - Inputs: ODC_AD_BR1, ODC_AD_BR2, ODC_AD_BR3, ODC_AD_BR4, ODC_AD_BR5, ODC_AD_BR6, ODC_AD_BR7, ODC_AD_BR8, ODC_AD_BR9, ODC_AD_BR10, ODC_CTL_BR1, ODC_CTL_BR2, ODC_CTL_BR3, ODC_CTL_BR4, ODC_CTL_BR5, ODC_CTL_BR7, ODC_CTL_BR8, ODC_CTL_BR9, ODC_CTL_BR10, ODC_CTL_BR11
2025-08-04 11:19:56,394 - INFO - Apply cooler weights? no.
2025-08-04 11:19:56,394 - INFO - CHRSPLIT: 10
2025-08-04 11:19:56,394 - INFO - Sub matrix size PHI: nan
2025-08-04 11:19:56,394 - INFO - Window shift phi: 1
2025-08-04 11:19:56,394 - INFO - Chromosomes: ['21', '22']
2025-08-04 11:19:56,394 - INFO - Resolutions: [10000, 25000]
2025-08-04 11:20:03,052 - INFO - Inputs: ODC_AD_BR1, ODC_AD_BR2, ODC_AD_BR3, ODC_AD_BR4, ODC_AD_BR5, ODC_AD_BR6, ODC_AD_BR7, ODC_AD_BR8, ODC_AD_BR9, ODC_AD_BR10, ODC_CTL_BR1, ODC_CTL_BR2, ODC_CTL_BR3, ODC_CTL_BR4, ODC_CTL_BR5, ODC_CTL_BR7, ODC_CTL_BR8, ODC_CTL_BR9, ODC_CTL_BR10, ODC_CTL_BR11
2025-08-04 11:20:03,052 - INFO - Apply cooler weights? no.
2025-08-04 11:20:03,052 - INFO - CHRSPLIT: 10
2025-08-04 11:20:03,052 - INFO - Sub matrix size PHI: nan
2025-08-04 11:20:03,052 - INFO - Window shift phi: 1
2025-08-04 11:20:03,052 - INFO - Chromosomes: ['21', '22']
2025-08-04 11:20:03,052 - INFO - Resolutions: [10000, 25000]
2025-08-04 11:20:30,748 - INFO - Inputs: ODC_AD_BR1, ODC_AD_BR2, ODC_AD_BR3, ODC_AD_BR4, ODC_AD_BR5, ODC_AD_BR6, ODC_AD_BR7, ODC_AD_BR8, ODC_AD_BR9, ODC_AD_BR10, ODC_CTL_BR1, ODC_CTL_BR2, ODC_CTL_BR3, ODC_CTL_BR4, ODC_CTL_BR5, ODC_CTL_BR7, ODC_CTL_BR8, ODC_CTL_BR9, ODC_CTL_BR10, ODC_CTL_BR11
2025-08-04 11:20:30,749 - INFO - Apply cooler weights? no.
2025-08-04 11:20:30,749 - INFO - CHRSPLIT: 10
2025-08-04 11:20:30,749 - INFO - Sub matrix size PHI: nan
2025-08-04 11:20:30,749 - INFO - Window shift phi: 1
2025-08-04 11:20:30,749 - INFO - Chromosomes: ['21', '22']
2025-08-04 11:20:30,749 - INFO - Resolutions: [10000, 25000]
2025-08-04 11:20:32,838 - INFO - Inputs: ODC_AD_BR1, ODC_AD_BR2, ODC_AD_BR3, ODC_AD_BR4, ODC_AD_BR5, ODC_AD_BR6, ODC_AD_BR7, ODC_AD_BR8, ODC_AD_BR9, ODC_AD_BR10, ODC_CTL_BR1, ODC_CTL_BR2, ODC_CTL_BR3, ODC_CTL_BR4, ODC_CTL_BR5, ODC_CTL_BR7, ODC_CTL_BR8, ODC_CTL_BR9, ODC_CTL_BR10, ODC_CTL_BR11
2025-08-04 11:20:32,838 - INFO - Apply cooler weights? no.
2025-08-04 11:20:32,838 - INFO - CHRSPLIT: 10
2025-08-04 11:20:32,838 - INFO - Sub matrix size PHI: nan
2025-08-04 11:20:32,838 - INFO - Window shift phi: 1
2025-08-04 11:20:32,838 - INFO - Chromosomes: ['21', '22']
2025-08-04 11:20:32,839 - INFO - Resolutions: [10000, 25000]
2025-08-04 11:21:20,636 - INFO - Inputs: ODC_AD_BR1, ODC_AD_BR2, ODC_AD_BR3, ODC_AD_BR4, ODC_AD_BR5, ODC_AD_BR6, ODC_AD_BR7, ODC_AD_BR8, ODC_AD_BR9, ODC_AD_BR10, ODC_CTL_BR1, ODC_CTL_BR2, ODC_CTL_BR3, ODC_CTL_BR4, ODC_CTL_BR5, ODC_CTL_BR7, ODC_CTL_BR8, ODC_CTL_BR9, ODC_CTL_BR10, ODC_CTL_BR11
2025-08-04 11:21:20,636 - INFO - Apply cooler weights? no.
2025-08-04 11:21:20,636 - INFO - CHRSPLIT: 10
2025-08-04 11:21:20,636 - INFO - Sub matrix size PHI: nan
2025-08-04 11:21:20,636 - INFO - Window shift phi: 1
2025-08-04 11:21:20,636 - INFO - Chromosomes: ['21', '22']
2025-08-04 11:21:20,637 - INFO - Resolutions: [10000, 25000]
2025-08-04 11:21:22,106 - INFO - Inputs: ODC_AD_BR1, ODC_AD_BR2, ODC_AD_BR3, ODC_AD_BR4, ODC_AD_BR5, ODC_AD_BR6, ODC_AD_BR7, ODC_AD_BR8, ODC_AD_BR9, ODC_AD_BR10, ODC_CTL_BR1, ODC_CTL_BR2, ODC_CTL_BR3, ODC_CTL_BR4, ODC_CTL_BR5, ODC_CTL_BR7, ODC_CTL_BR8, ODC_CTL_BR9, ODC_CTL_BR10, ODC_CTL_BR11
2025-08-04 11:21:22,106 - INFO - Apply cooler weights? no.
2025-08-04 11:21:22,106 - INFO - CHRSPLIT: 10
2025-08-04 11:21:22,106 - INFO - Sub matrix size PHI: nan
2025-08-04 11:21:22,106 - INFO - Window shift phi: 1
2025-08-04 11:21:22,106 - INFO - Chromosomes: ['21', '22']
2025-08-04 11:21:22,106 - INFO - Resolutions: [10000, 25000]
2025-08-04 11:22:08,689 - INFO - Inputs: ODC_AD_BR1, ODC_AD_BR2, ODC_AD_BR3, ODC_AD_BR4, ODC_AD_BR5, ODC_AD_BR6, ODC_AD_BR7, ODC_AD_BR8, ODC_AD_BR9, ODC_AD_BR10, ODC_CTL_BR1, ODC_CTL_BR2, ODC_CTL_BR3, ODC_CTL_BR4, ODC_CTL_BR5, ODC_CTL_BR7, ODC_CTL_BR8, ODC_CTL_BR9, ODC_CTL_BR10, ODC_CTL_BR11
2025-08-04 11:22:08,689 - INFO - Apply cooler weights? no.
2025-08-04 11:22:08,689 - INFO - CHRSPLIT: 10
2025-08-04 11:22:08,689 - INFO - Sub matrix size PHI: nan
2025-08-04 11:22:08,689 - INFO - Window shift phi: 1
2025-08-04 11:22:08,689 - INFO - Chromosomes: ['21', '22']
2025-08-04 11:22:08,689 - INFO - Resolutions: [10000, 25000]
2025-08-04 11:22:10,481 - INFO - Inputs: ODC_AD_BR1, ODC_AD_BR2, ODC_AD_BR3, ODC_AD_BR4, ODC_AD_BR5, ODC_AD_BR6, ODC_AD_BR7, ODC_AD_BR8, ODC_AD_BR9, ODC_AD_BR10, ODC_CTL_BR1, ODC_CTL_BR2, ODC_CTL_BR3, ODC_CTL_BR4, ODC_CTL_BR5, ODC_CTL_BR7, ODC_CTL_BR8, ODC_CTL_BR9, ODC_CTL_BR10, ODC_CTL_BR11
2025-08-04 11:22:10,481 - INFO - Apply cooler weights? no.
2025-08-04 11:22:10,481 - INFO - CHRSPLIT: 10
2025-08-04 11:22:10,481 - INFO - Sub matrix size PHI: nan
2025-08-04 11:22:10,481 - INFO - Window shift phi: 1
2025-08-04 11:22:10,481 - INFO - Chromosomes: ['21', '22']
2025-08-04 11:22:10,481 - INFO - Resolutions: [10000, 25000]
2025-08-04 11:22:35,632 - INFO - Inputs: ODC_AD_BR1, ODC_AD_BR2, ODC_AD_BR3, ODC_AD_BR4, ODC_AD_BR5, ODC_AD_BR6, ODC_AD_BR7, ODC_AD_BR8, ODC_AD_BR9, ODC_AD_BR10, ODC_CTL_BR1, ODC_CTL_BR2, ODC_CTL_BR3, ODC_CTL_BR4, ODC_CTL_BR5, ODC_CTL_BR7, ODC_CTL_BR8, ODC_CTL_BR9, ODC_CTL_BR10, ODC_CTL_BR11
2025-08-04 11:22:35,632 - INFO - Apply cooler weights? no.
2025-08-04 11:22:35,632 - INFO - CHRSPLIT: 10
2025-08-04 11:22:35,632 - INFO - Sub matrix size PHI: nan
2025-08-04 11:22:35,632 - INFO - Window shift phi: 1
2025-08-04 11:22:35,632 - INFO - Chromosomes: ['21', '22']
2025-08-04 11:22:35,632 - INFO - Resolutions: [10000, 25000]
2025-08-04 11:22:36,487 - INFO - Inputs: ODC_AD_BR1, ODC_AD_BR2, ODC_AD_BR3, ODC_AD_BR4, ODC_AD_BR5, ODC_AD_BR6, ODC_AD_BR7, ODC_AD_BR8, ODC_AD_BR9, ODC_AD_BR10, ODC_CTL_BR1, ODC_CTL_BR2, ODC_CTL_BR3, ODC_CTL_BR4, ODC_CTL_BR5, ODC_CTL_BR7, ODC_CTL_BR8, ODC_CTL_BR9, ODC_CTL_BR10, ODC_CTL_BR11
2025-08-04 11:22:36,487 - INFO - Apply cooler weights? no.
2025-08-04 11:22:36,487 - INFO - CHRSPLIT: 10
2025-08-04 11:22:36,487 - INFO - Sub matrix size PHI: nan
2025-08-04 11:22:36,488 - INFO - Window shift phi: 1
2025-08-04 11:22:36,488 - INFO - Chromosomes: ['21', '22']
2025-08-04 11:22:36,488 - INFO - Resolutions: [10000, 25000]
2025-08-04 11:22:55,972 - INFO - Inputs: ODC_AD_BR1, ODC_AD_BR2, ODC_AD_BR3, ODC_AD_BR4, ODC_AD_BR5, ODC_AD_BR6, ODC_AD_BR7, ODC_AD_BR8, ODC_AD_BR9, ODC_AD_BR10, ODC_CTL_BR1, ODC_CTL_BR2, ODC_CTL_BR3, ODC_CTL_BR4, ODC_CTL_BR5, ODC_CTL_BR7, ODC_CTL_BR8, ODC_CTL_BR9, ODC_CTL_BR10, ODC_CTL_BR11
2025-08-04 11:22:55,973 - INFO - Apply cooler weights? no.
2025-08-04 11:22:55,973 - INFO - CHRSPLIT: 10
2025-08-04 11:22:55,973 - INFO - Sub matrix size PHI: nan
2025-08-04 11:22:55,973 - INFO - Window shift phi: 1
2025-08-04 11:22:55,973 - INFO - Chromosomes: ['21', '22']
2025-08-04 11:22:55,973 - INFO - Resolutions: [10000, 25000]
2025-08-04 11:22:58,058 - INFO - Inputs: ODC_AD_BR1, ODC_AD_BR2, ODC_AD_BR3, ODC_AD_BR4, ODC_AD_BR5, ODC_AD_BR6, ODC_AD_BR7, ODC_AD_BR8, ODC_AD_BR9, ODC_AD_BR10, ODC_CTL_BR1, ODC_CTL_BR2, ODC_CTL_BR3, ODC_CTL_BR4, ODC_CTL_BR5, ODC_CTL_BR7, ODC_CTL_BR8, ODC_CTL_BR9, ODC_CTL_BR10, ODC_CTL_BR11
2025-08-04 11:22:58,058 - INFO - Apply cooler weights? no.
2025-08-04 11:22:58,058 - INFO - CHRSPLIT: 10
2025-08-04 11:22:58,058 - INFO - Sub matrix size PHI: nan
2025-08-04 11:22:58,058 - INFO - Window shift phi: 1
2025-08-04 11:22:58,058 - INFO - Chromosomes: ['21', '22']
2025-08-04 11:22:58,058 - INFO - Resolutions: [10000, 25000]
2025-08-04 11:23:28,261 - INFO - Inputs: ODC_AD_BR1, ODC_AD_BR2, ODC_AD_BR3, ODC_AD_BR4, ODC_AD_BR5, ODC_AD_BR6, ODC_AD_BR7, ODC_AD_BR8, ODC_AD_BR9, ODC_AD_BR10, ODC_CTL_BR1, ODC_CTL_BR2, ODC_CTL_BR3, ODC_CTL_BR4, ODC_CTL_BR5, ODC_CTL_BR7, ODC_CTL_BR8, ODC_CTL_BR9, ODC_CTL_BR10, ODC_CTL_BR11
2025-08-04 11:23:28,262 - INFO - Apply cooler weights? no.
2025-08-04 11:23:28,262 - INFO - CHRSPLIT: 10
2025-08-04 11:23:28,262 - INFO - Sub matrix size PHI: nan
2025-08-04 11:23:28,262 - INFO - Window shift phi: 1
2025-08-04 11:23:28,262 - INFO - Chromosomes: ['21', '22']
2025-08-04 11:23:28,262 - INFO - Resolutions: [10000, 25000]
2025-08-04 11:23:28,954 - INFO - Inputs: ODC_AD_BR1, ODC_AD_BR2, ODC_AD_BR3, ODC_AD_BR4, ODC_AD_BR5, ODC_AD_BR6, ODC_AD_BR7, ODC_AD_BR8, ODC_AD_BR9, ODC_AD_BR10, ODC_CTL_BR1, ODC_CTL_BR2, ODC_CTL_BR3, ODC_CTL_BR4, ODC_CTL_BR5, ODC_CTL_BR7, ODC_CTL_BR8, ODC_CTL_BR9, ODC_CTL_BR10, ODC_CTL_BR11
2025-08-04 11:23:28,954 - INFO - Apply cooler weights? no.
2025-08-04 11:23:28,954 - INFO - CHRSPLIT: 10
2025-08-04 11:23:28,954 - INFO - Sub matrix size PHI: nan
2025-08-04 11:23:28,954 - INFO - Window shift phi: 1
2025-08-04 11:23:28,954 - INFO - Chromosomes: ['21', '22']
2025-08-04 11:23:28,954 - INFO - Resolutions: [10000, 25000]
2025-08-04 11:24:37,819 - INFO - Inputs: ODC_AD_BR1, ODC_AD_BR2, ODC_AD_BR3, ODC_AD_BR4, ODC_AD_BR5, ODC_AD_BR6, ODC_AD_BR7, ODC_AD_BR8, ODC_AD_BR9, ODC_AD_BR10, ODC_CTL_BR1, ODC_CTL_BR2, ODC_CTL_BR3, ODC_CTL_BR4, ODC_CTL_BR5, ODC_CTL_BR7, ODC_CTL_BR8, ODC_CTL_BR9, ODC_CTL_BR10, ODC_CTL_BR11
2025-08-04 11:24:37,819 - INFO - Apply cooler weights? no.
2025-08-04 11:24:37,819 - INFO - CHRSPLIT: 10
2025-08-04 11:24:37,819 - INFO - Sub matrix size PHI: nan
2025-08-04 11:24:37,819 - INFO - Window shift phi: 1
2025-08-04 11:24:37,819 - INFO - Chromosomes: ['21', '22']
2025-08-04 11:24:37,819 - INFO - Resolutions: [10000, 25000]
2025-08-04 11:24:39,700 - INFO - Inputs: ODC_AD_BR1, ODC_AD_BR2, ODC_AD_BR3, ODC_AD_BR4, ODC_AD_BR5, ODC_AD_BR6, ODC_AD_BR7, ODC_AD_BR8, ODC_AD_BR9, ODC_AD_BR10, ODC_CTL_BR1, ODC_CTL_BR2, ODC_CTL_BR3, ODC_CTL_BR4, ODC_CTL_BR5, ODC_CTL_BR7, ODC_CTL_BR8, ODC_CTL_BR9, ODC_CTL_BR10, ODC_CTL_BR11
2025-08-04 11:24:39,700 - INFO - Apply cooler weights? no.
2025-08-04 11:24:39,700 - INFO - CHRSPLIT: 10
2025-08-04 11:24:39,700 - INFO - Sub matrix size PHI: nan
2025-08-04 11:24:39,700 - INFO - Window shift phi: 1
2025-08-04 11:24:39,700 - INFO - Chromosomes: ['21', '22']
2025-08-04 11:24:39,701 - INFO - Resolutions: [10000, 25000]
2025-08-04 11:24:56,558 - INFO - Inputs: ODC_AD_BR1, ODC_AD_BR2, ODC_AD_BR3, ODC_AD_BR4, ODC_AD_BR5, ODC_AD_BR6, ODC_AD_BR7, ODC_AD_BR8, ODC_AD_BR9, ODC_AD_BR10, ODC_CTL_BR1, ODC_CTL_BR2, ODC_CTL_BR3, ODC_CTL_BR4, ODC_CTL_BR5, ODC_CTL_BR7, ODC_CTL_BR8, ODC_CTL_BR9, ODC_CTL_BR10, ODC_CTL_BR11
2025-08-04 11:24:56,558 - INFO - Apply cooler weights? no.
2025-08-04 11:24:56,558 - INFO - CHRSPLIT: 10
2025-08-04 11:24:56,559 - INFO - Sub matrix size PHI: nan
2025-08-04 11:24:56,559 - INFO - Window shift phi: 1
2025-08-04 11:24:56,559 - INFO - Chromosomes: ['21', '22']
2025-08-04 11:24:56,559 - INFO - Resolutions: [10000, 25000]
2025-08-04 11:25:02,234 - INFO - Inputs: ODC_AD_BR1, ODC_AD_BR2, ODC_AD_BR3, ODC_AD_BR4, ODC_AD_BR5, ODC_AD_BR6, ODC_AD_BR7, ODC_AD_BR8, ODC_AD_BR9, ODC_AD_BR10, ODC_CTL_BR1, ODC_CTL_BR2, ODC_CTL_BR3, ODC_CTL_BR4, ODC_CTL_BR5, ODC_CTL_BR7, ODC_CTL_BR8, ODC_CTL_BR9, ODC_CTL_BR10, ODC_CTL_BR11
2025-08-04 11:25:02,234 - INFO - Apply cooler weights? no.
2025-08-04 11:25:02,234 - INFO - CHRSPLIT: 10
2025-08-04 11:25:02,234 - INFO - Sub matrix size PHI: nan
2025-08-04 11:25:02,234 - INFO - Window shift phi: 1
2025-08-04 11:25:02,235 - INFO - Chromosomes: ['21', '22']
2025-08-04 11:25:02,235 - INFO - Resolutions: [10000, 25000]
2025-08-04 11:27:15,348 - INFO - Inputs: ODC_AD_BR1, ODC_AD_BR2, ODC_AD_BR3, ODC_AD_BR4, ODC_CTL_BR1, ODC_CTL_BR2, ODC_CTL_BR3, ODC_CTL_BR4
2025-08-04 11:27:15,349 - INFO - Apply cooler weights? no.
2025-08-04 11:27:15,349 - INFO - CHRSPLIT: 10
2025-08-04 11:27:15,349 - INFO - Sub matrix size PHI: nan
2025-08-04 11:27:15,349 - INFO - Window shift phi: 1
2025-08-04 11:27:15,349 - INFO - Chromosomes: ['21', '22']
2025-08-04 11:27:15,349 - INFO - Resolutions: [10000, 25000]
2025-08-04 11:27:32,518 - INFO - Chr21 10.0kb for /HDD3/DocumentsHDD3/07_2022-/scBRAIN/wenliang/2021_merged.mcool written to OUTPUT/PYTHON/AD_CTRL_10kb_ENT3C_OUT.csv
2025-08-04 11:27:46,698 - INFO - Chr21 10.0kb for /HDD3/DocumentsHDD3/07_2022-/scBRAIN/wenliang/2026_merged.mcool written to OUTPUT/PYTHON/AD_CTRL_10kb_ENT3C_OUT.csv
2025-08-04 11:28:01,718 - INFO - Chr21 10.0kb for /HDD3/DocumentsHDD3/07_2022-/scBRAIN/wenliang/2027_merged.mcool written to OUTPUT/PYTHON/AD_CTRL_10kb_ENT3C_OUT.csv
2025-08-04 11:28:15,477 - INFO - Chr21 10.0kb for /HDD3/DocumentsHDD3/07_2022-/scBRAIN/wenliang/2037_merged.mcool written to OUTPUT/PYTHON/AD_CTRL_10kb_ENT3C_OUT.csv
2025-08-04 11:28:29,743 - INFO - Chr21 10.0kb for /HDD3/DocumentsHDD3/07_2022-/scBRAIN/wenliang/2012_merged.mcool written to OUTPUT/PYTHON/AD_CTRL_10kb_ENT3C_OUT.csv
2025-08-04 11:28:43,796 - INFO - Chr21 10.0kb for /HDD3/DocumentsHDD3/07_2022-/scBRAIN/wenliang/2097_merged.mcool written to OUTPUT/PYTHON/AD_CTRL_10kb_ENT3C_OUT.csv
2025-08-04 11:28:59,330 - INFO - Chr21 10.0kb for /HDD3/DocumentsHDD3/07_2022-/scBRAIN/wenliang/2058_merged.mcool written to OUTPUT/PYTHON/AD_CTRL_10kb_ENT3C_OUT.csv
2025-08-04 11:29:15,727 - INFO - Chr21 10.0kb for /HDD3/DocumentsHDD3/07_2022-/scBRAIN/wenliang/2380_merged.mcool written to OUTPUT/PYTHON/AD_CTRL_10kb_ENT3C_OUT.csv
2025-08-04 11:29:33,640 - INFO - Chr22 10.0kb for /HDD3/DocumentsHDD3/07_2022-/scBRAIN/wenliang/2021_merged.mcool written to OUTPUT/PYTHON/AD_CTRL_10kb_ENT3C_OUT.csv
2025-08-04 11:29:49,856 - INFO - Chr22 10.0kb for /HDD3/DocumentsHDD3/07_2022-/scBRAIN/wenliang/2026_merged.mcool written to OUTPUT/PYTHON/AD_CTRL_10kb_ENT3C_OUT.csv
2025-08-04 11:30:06,887 - INFO - Chr22 10.0kb for /HDD3/DocumentsHDD3/07_2022-/scBRAIN/wenliang/2027_merged.mcool written to OUTPUT/PYTHON/AD_CTRL_10kb_ENT3C_OUT.csv
2025-08-04 11:30:22,736 - INFO - Chr22 10.0kb for /HDD3/DocumentsHDD3/07_2022-/scBRAIN/wenliang/2037_merged.mcool written to OUTPUT/PYTHON/AD_CTRL_10kb_ENT3C_OUT.csv
2025-08-04 11:30:38,818 - INFO - Chr22 10.0kb for /HDD3/DocumentsHDD3/07_2022-/scBRAIN/wenliang/2012_merged.mcool written to OUTPUT/PYTHON/AD_CTRL_10kb_ENT3C_OUT.csv
2025-08-04 11:30:55,245 - INFO - Chr22 10.0kb for /HDD3/DocumentsHDD3/07_2022-/scBRAIN/wenliang/2097_merged.mcool written to OUTPUT/PYTHON/AD_CTRL_10kb_ENT3C_OUT.csv
2025-08-04 11:31:11,399 - INFO - Chr22 10.0kb for /HDD3/DocumentsHDD3/07_2022-/scBRAIN/wenliang/2058_merged.mcool written to OUTPUT/PYTHON/AD_CTRL_10kb_ENT3C_OUT.csv
2025-08-04 11:31:31,248 - INFO - Chr22 10.0kb for /HDD3/DocumentsHDD3/07_2022-/scBRAIN/wenliang/2380_merged.mcool written to OUTPUT/PYTHON/AD_CTRL_10kb_ENT3C_OUT.csv
2025-08-04 11:31:33,107 - INFO - Chr21 25.0kb for /HDD3/DocumentsHDD3/07_2022-/scBRAIN/wenliang/2021_merged.mcool written to OUTPUT/PYTHON/AD_CTRL_10kb_ENT3C_OUT.csv
2025-08-04 11:31:34,099 - INFO - Chr21 25.0kb for /HDD3/DocumentsHDD3/07_2022-/scBRAIN/wenliang/2026_merged.mcool written to OUTPUT/PYTHON/AD_CTRL_10kb_ENT3C_OUT.csv
2025-08-04 11:31:35,208 - INFO - Chr21 25.0kb for /HDD3/DocumentsHDD3/07_2022-/scBRAIN/wenliang/2027_merged.mcool written to OUTPUT/PYTHON/AD_CTRL_10kb_ENT3C_OUT.csv
2025-08-04 11:31:36,259 - INFO - Chr21 25.0kb for /HDD3/DocumentsHDD3/07_2022-/scBRAIN/wenliang/2037_merged.mcool written to OUTPUT/PYTHON/AD_CTRL_10kb_ENT3C_OUT.csv
2025-08-04 11:31:37,395 - INFO - Chr21 25.0kb for /HDD3/DocumentsHDD3/07_2022-/scBRAIN/wenliang/2012_merged.mcool written to OUTPUT/PYTHON/AD_CTRL_10kb_ENT3C_OUT.csv
2025-08-04 11:31:38,362 - INFO - Chr21 25.0kb for /HDD3/DocumentsHDD3/07_2022-/scBRAIN/wenliang/2097_merged.mcool written to OUTPUT/PYTHON/AD_CTRL_10kb_ENT3C_OUT.csv
2025-08-04 11:31:39,343 - INFO - Chr21 25.0kb for /HDD3/DocumentsHDD3/07_2022-/scBRAIN/wenliang/2058_merged.mcool written to OUTPUT/PYTHON/AD_CTRL_10kb_ENT3C_OUT.csv
2025-08-04 11:31:40,322 - INFO - Chr21 25.0kb for /HDD3/DocumentsHDD3/07_2022-/scBRAIN/wenliang/2380_merged.mcool written to OUTPUT/PYTHON/AD_CTRL_10kb_ENT3C_OUT.csv
2025-08-04 11:31:42,139 - INFO - Chr22 25.0kb for /HDD3/DocumentsHDD3/07_2022-/scBRAIN/wenliang/2021_merged.mcool written to OUTPUT/PYTHON/AD_CTRL_10kb_ENT3C_OUT.csv
2025-08-04 11:31:43,151 - INFO - Chr22 25.0kb for /HDD3/DocumentsHDD3/07_2022-/scBRAIN/wenliang/2026_merged.mcool written to OUTPUT/PYTHON/AD_CTRL_10kb_ENT3C_OUT.csv
2025-08-04 11:31:44,147 - INFO - Chr22 25.0kb for /HDD3/DocumentsHDD3/07_2022-/scBRAIN/wenliang/2027_merged.mcool written to OUTPUT/PYTHON/AD_CTRL_10kb_ENT3C_OUT.csv
2025-08-04 11:31:45,176 - INFO - Chr22 25.0kb for /HDD3/DocumentsHDD3/07_2022-/scBRAIN/wenliang/2037_merged.mcool written to OUTPUT/PYTHON/AD_CTRL_10kb_ENT3C_OUT.csv
2025-08-04 11:31:46,213 - INFO - Chr22 25.0kb for /HDD3/DocumentsHDD3/07_2022-/scBRAIN/wenliang/2012_merged.mcool written to OUTPUT/PYTHON/AD_CTRL_10kb_ENT3C_OUT.csv
2025-08-04 11:31:47,226 - INFO - Chr22 25.0kb for /HDD3/DocumentsHDD3/07_2022-/scBRAIN/wenliang/2097_merged.mcool written to OUTPUT/PYTHON/AD_CTRL_10kb_ENT3C_OUT.csv
2025-08-04 11:31:48,227 - INFO - Chr22 25.0kb for /HDD3/DocumentsHDD3/07_2022-/scBRAIN/wenliang/2058_merged.mcool written to OUTPUT/PYTHON/AD_CTRL_10kb_ENT3C_OUT.csv
2025-08-04 11:31:49,221 - INFO - Chr22 25.0kb for /HDD3/DocumentsHDD3/07_2022-/scBRAIN/wenliang/2380_merged.mcool written to OUTPUT/PYTHON/AD_CTRL_10kb_ENT3C_OUT.csv
2025-08-04 11:31:49,249 - INFO - Inputs: ODC_AD_BR1, ODC_AD_BR2, ODC_AD_BR3, ODC_AD_BR4, ODC_CTL_BR1, ODC_CTL_BR2, ODC_CTL_BR3, ODC_CTL_BR4
2025-08-04 11:31:49,249 - INFO - Apply cooler weights? no.
2025-08-04 11:31:49,249 - INFO - CHRSPLIT: 10
2025-08-04 11:31:49,249 - INFO - Sub matrix size PHI: nan
2025-08-04 11:31:49,249 - INFO - Window shift phi: 1
2025-08-04 11:31:49,249 - INFO - Chromosomes: ['21', '22']
2025-08-04 11:31:49,249 - INFO - Resolutions: [10000, 25000]
2025-08-04 11:32:28,665 - INFO - Inputs: ODC_AD_BR1, ODC_AD_BR2, ODC_AD_BR3, ODC_AD_BR4, ODC_CTL_BR1, ODC_CTL_BR2, ODC_CTL_BR3, ODC_CTL_BR4
2025-08-04 11:32:28,665 - INFO - Apply cooler weights? no.
2025-08-04 11:32:28,665 - INFO - CHRSPLIT: 10
2025-08-04 11:32:28,665 - INFO - Sub matrix size PHI: nan
2025-08-04 11:32:28,665 - INFO - Window shift phi: 1
2025-08-04 11:32:28,665 - INFO - Chromosomes: ['21', '22']
2025-08-04 11:32:28,665 - INFO - Resolutions: [10000, 25000]
2025-08-04 11:32:46,997 - INFO - Chr21 10.0kb for /HDD3/DocumentsHDD3/07_2022-/scBRAIN/wenliang/2021_merged.mcool written to OUTPUT/PYTHON/AD_CTRL_10kb_ENT3C_OUT.csv
2025-08-04 11:33:03,461 - INFO - Chr21 10.0kb for /HDD3/DocumentsHDD3/07_2022-/scBRAIN/wenliang/2026_merged.mcool written to OUTPUT/PYTHON/AD_CTRL_10kb_ENT3C_OUT.csv
2025-08-04 11:33:23,408 - INFO - Chr21 10.0kb for /HDD3/DocumentsHDD3/07_2022-/scBRAIN/wenliang/2027_merged.mcool written to OUTPUT/PYTHON/AD_CTRL_10kb_ENT3C_OUT.csv
2025-08-04 11:33:45,571 - INFO - Chr21 10.0kb for /HDD3/DocumentsHDD3/07_2022-/scBRAIN/wenliang/2037_merged.mcool written to OUTPUT/PYTHON/AD_CTRL_10kb_ENT3C_OUT.csv
2025-08-04 11:34:04,045 - INFO - Chr21 10.0kb for /HDD3/DocumentsHDD3/07_2022-/scBRAIN/wenliang/2012_merged.mcool written to OUTPUT/PYTHON/AD_CTRL_10kb_ENT3C_OUT.csv
2025-08-04 11:34:22,280 - INFO - Chr21 10.0kb for /HDD3/DocumentsHDD3/07_2022-/scBRAIN/wenliang/2097_merged.mcool written to OUTPUT/PYTHON/AD_CTRL_10kb_ENT3C_OUT.csv
2025-08-04 11:34:38,179 - INFO - Chr21 10.0kb for /HDD3/DocumentsHDD3/07_2022-/scBRAIN/wenliang/2058_merged.mcool written to OUTPUT/PYTHON/AD_CTRL_10kb_ENT3C_OUT.csv
2025-08-04 11:35:01,680 - INFO - Chr21 10.0kb for /HDD3/DocumentsHDD3/07_2022-/scBRAIN/wenliang/2380_merged.mcool written to OUTPUT/PYTHON/AD_CTRL_10kb_ENT3C_OUT.csv
2025-08-04 11:35:25,338 - INFO - Chr22 10.0kb for /HDD3/DocumentsHDD3/07_2022-/scBRAIN/wenliang/2021_merged.mcool written to OUTPUT/PYTHON/AD_CTRL_10kb_ENT3C_OUT.csv
2025-08-04 11:35:40,401 - INFO - Chr22 10.0kb for /HDD3/DocumentsHDD3/07_2022-/scBRAIN/wenliang/2026_merged.mcool written to OUTPUT/PYTHON/AD_CTRL_10kb_ENT3C_OUT.csv
2025-08-04 11:35:54,851 - INFO - Chr22 10.0kb for /HDD3/DocumentsHDD3/07_2022-/scBRAIN/wenliang/2027_merged.mcool written to OUTPUT/PYTHON/AD_CTRL_10kb_ENT3C_OUT.csv
2025-08-04 11:36:12,409 - INFO - Chr22 10.0kb for /HDD3/DocumentsHDD3/07_2022-/scBRAIN/wenliang/2037_merged.mcool written to OUTPUT/PYTHON/AD_CTRL_10kb_ENT3C_OUT.csv
2025-08-04 11:36:26,681 - INFO - Chr22 10.0kb for /HDD3/DocumentsHDD3/07_2022-/scBRAIN/wenliang/2012_merged.mcool written to OUTPUT/PYTHON/AD_CTRL_10kb_ENT3C_OUT.csv
2025-08-04 11:36:43,054 - INFO - Chr22 10.0kb for /HDD3/DocumentsHDD3/07_2022-/scBRAIN/wenliang/2097_merged.mcool written to OUTPUT/PYTHON/AD_CTRL_10kb_ENT3C_OUT.csv
2025-08-04 11:37:00,889 - INFO - Chr22 10.0kb for /HDD3/DocumentsHDD3/07_2022-/scBRAIN/wenliang/2058_merged.mcool written to OUTPUT/PYTHON/AD_CTRL_10kb_ENT3C_OUT.csv
2025-08-04 11:37:22,449 - INFO - Chr22 10.0kb for /HDD3/DocumentsHDD3/07_2022-/scBRAIN/wenliang/2380_merged.mcool written to OUTPUT/PYTHON/AD_CTRL_10kb_ENT3C_OUT.csv
2025-08-04 11:37:24,366 - INFO - Chr21 25.0kb for /HDD3/DocumentsHDD3/07_2022-/scBRAIN/wenliang/2021_merged.mcool written to OUTPUT/PYTHON/AD_CTRL_10kb_ENT3C_OUT.csv
2025-08-04 11:37:25,390 - INFO - Chr21 25.0kb for /HDD3/DocumentsHDD3/07_2022-/scBRAIN/wenliang/2026_merged.mcool written to OUTPUT/PYTHON/AD_CTRL_10kb_ENT3C_OUT.csv
2025-08-04 11:37:26,373 - INFO - Chr21 25.0kb for /HDD3/DocumentsHDD3/07_2022-/scBRAIN/wenliang/2027_merged.mcool written to OUTPUT/PYTHON/AD_CTRL_10kb_ENT3C_OUT.csv
2025-08-04 11:37:27,453 - INFO - Chr21 25.0kb for /HDD3/DocumentsHDD3/07_2022-/scBRAIN/wenliang/2037_merged.mcool written to OUTPUT/PYTHON/AD_CTRL_10kb_ENT3C_OUT.csv
2025-08-04 11:37:28,532 - INFO - Chr21 25.0kb for /HDD3/DocumentsHDD3/07_2022-/scBRAIN/wenliang/2012_merged.mcool written to OUTPUT/PYTHON/AD_CTRL_10kb_ENT3C_OUT.csv
2025-08-04 11:37:29,472 - INFO - Chr21 25.0kb for /HDD3/DocumentsHDD3/07_2022-/scBRAIN/wenliang/2097_merged.mcool written to OUTPUT/PYTHON/AD_CTRL_10kb_ENT3C_OUT.csv
2025-08-04 11:37:30,441 - INFO - Chr21 25.0kb for /HDD3/DocumentsHDD3/07_2022-/scBRAIN/wenliang/2058_merged.mcool written to OUTPUT/PYTHON/AD_CTRL_10kb_ENT3C_OUT.csv
2025-08-04 11:37:31,400 - INFO - Chr21 25.0kb for /HDD3/DocumentsHDD3/07_2022-/scBRAIN/wenliang/2380_merged.mcool written to OUTPUT/PYTHON/AD_CTRL_10kb_ENT3C_OUT.csv
2025-08-04 11:37:33,241 - INFO - Chr22 25.0kb for /HDD3/DocumentsHDD3/07_2022-/scBRAIN/wenliang/2021_merged.mcool written to OUTPUT/PYTHON/AD_CTRL_10kb_ENT3C_OUT.csv
2025-08-04 11:37:34,239 - INFO - Chr22 25.0kb for /HDD3/DocumentsHDD3/07_2022-/scBRAIN/wenliang/2026_merged.mcool written to OUTPUT/PYTHON/AD_CTRL_10kb_ENT3C_OUT.csv
2025-08-04 11:37:35,260 - INFO - Chr22 25.0kb for /HDD3/DocumentsHDD3/07_2022-/scBRAIN/wenliang/2027_merged.mcool written to OUTPUT/PYTHON/AD_CTRL_10kb_ENT3C_OUT.csv
2025-08-04 11:37:36,247 - INFO - Chr22 25.0kb for /HDD3/DocumentsHDD3/07_2022-/scBRAIN/wenliang/2037_merged.mcool written to OUTPUT/PYTHON/AD_CTRL_10kb_ENT3C_OUT.csv
2025-08-04 11:37:37,214 - INFO - Chr22 25.0kb for /HDD3/DocumentsHDD3/07_2022-/scBRAIN/wenliang/2012_merged.mcool written to OUTPUT/PYTHON/AD_CTRL_10kb_ENT3C_OUT.csv
2025-08-04 11:37:38,171 - INFO - Chr22 25.0kb for /HDD3/DocumentsHDD3/07_2022-/scBRAIN/wenliang/2097_merged.mcool written to OUTPUT/PYTHON/AD_CTRL_10kb_ENT3C_OUT.csv
2025-08-04 11:37:39,173 - INFO - Chr22 25.0kb for /HDD3/DocumentsHDD3/07_2022-/scBRAIN/wenliang/2058_merged.mcool written to OUTPUT/PYTHON/AD_CTRL_10kb_ENT3C_OUT.csv
2025-08-04 11:37:40,190 - INFO - Chr22 25.0kb for /HDD3/DocumentsHDD3/07_2022-/scBRAIN/wenliang/2380_merged.mcool written to OUTPUT/PYTHON/AD_CTRL_10kb_ENT3C_OUT.csv
2025-08-04 11:37:40,218 - INFO - Inputs: ODC_AD_BR1, ODC_AD_BR2, ODC_AD_BR3, ODC_AD_BR4, ODC_CTL_BR1, ODC_CTL_BR2, ODC_CTL_BR3, ODC_CTL_BR4
2025-08-04 11:37:40,218 - INFO - Apply cooler weights? no.
2025-08-04 11:37:40,218 - INFO - CHRSPLIT: 10
2025-08-04 11:37:40,218 - INFO - Sub matrix size PHI: nan
2025-08-04 11:37:40,218 - INFO - Window shift phi: 1
2025-08-04 11:37:40,219 - INFO - Chromosomes: ['21', '22']
2025-08-04 11:37:40,219 - INFO - Resolutions: [10000, 25000]
2025-08-04 11:38:47,570 - INFO - Inputs: ODC_AD_BR1, ODC_AD_BR2, ODC_AD_BR3, ODC_AD_BR4, ODC_CTL_BR1, ODC_CTL_BR2, ODC_CTL_BR3, ODC_CTL_BR4
2025-08-04 11:38:47,571 - INFO - Apply cooler weights? no.
2025-08-04 11:38:47,571 - INFO - CHRSPLIT: 10
2025-08-04 11:38:47,571 - INFO - Sub matrix size PHI: nan
2025-08-04 11:38:47,571 - INFO - Window shift phi: 1
2025-08-04 11:38:47,571 - INFO - Chromosomes: ['21', '22']
2025-08-04 11:38:47,571 - INFO - Resolutions: [10000, 25000]
2025-08-04 11:39:14,508 - INFO - Chr21 10.0kb for /HDD3/DocumentsHDD3/07_2022-/scBRAIN/wenliang/2021_merged.mcool written to OUTPUT/PYTHON/AD_CTRL_10kb_ENT3C_OUT.csv
2025-08-04 11:39:45,908 - INFO - Inputs: ODC_AD_BR1, ODC_AD_BR2, ODC_AD_BR3, ODC_AD_BR4, ODC_CTL_BR1, ODC_CTL_BR2, ODC_CTL_BR3, ODC_CTL_BR4
2025-08-04 11:39:45,908 - INFO - Apply cooler weights? no.
2025-08-04 11:39:45,908 - INFO - CHRSPLIT: 10
2025-08-04 11:39:45,908 - INFO - Sub matrix size PHI: nan
2025-08-04 11:39:45,908 - INFO - Window shift phi: 1
2025-08-04 11:39:45,908 - INFO - Chromosomes: ['21', '22']
2025-08-04 11:39:45,908 - INFO - Resolutions: [10000, 25000]
2025-08-04 11:40:11,906 - INFO - Chr21 10.0kb for /HDD3/DocumentsHDD3/07_2022-/scBRAIN/wenliang/2021_merged.mcool written to OUTPUT/PYTHON/AD_CTRL_10kb_ENT3C_OUT.csv
2025-08-04 11:40:40,783 - INFO - Inputs: ODC_AD_BR1, ODC_AD_BR2, ODC_AD_BR3, ODC_AD_BR4, ODC_CTL_BR1, ODC_CTL_BR2, ODC_CTL_BR3, ODC_CTL_BR4
2025-08-04 11:40:40,783 - INFO - Apply cooler weights? no.
2025-08-04 11:40:40,783 - INFO - CHRSPLIT: 10
2025-08-04 11:40:40,783 - INFO - Sub matrix size PHI: nan
2025-08-04 11:40:40,783 - INFO - Window shift phi: 1
2025-08-04 11:40:40,783 - INFO - Chromosomes: ['21', '22']
2025-08-04 11:40:40,783 - INFO - Resolutions: [10000, 25000]
2025-08-04 11:41:03,158 - INFO - Chr21 10.0kb for /HDD3/DocumentsHDD3/07_2022-/scBRAIN/wenliang/2021_merged.mcool written to OUTPUT/PYTHON/AD_CTRL_10kb_ENT3C_OUT.csv
2025-08-04 11:41:23,071 - INFO - Chr21 10.0kb for /HDD3/DocumentsHDD3/07_2022-/scBRAIN/wenliang/2026_merged.mcool written to OUTPUT/PYTHON/AD_CTRL_10kb_ENT3C_OUT.csv
2025-08-04 11:41:41,167 - INFO - Chr21 10.0kb for /HDD3/DocumentsHDD3/07_2022-/scBRAIN/wenliang/2027_merged.mcool written to OUTPUT/PYTHON/AD_CTRL_10kb_ENT3C_OUT.csv
2025-08-04 11:41:57,003 - INFO - Chr21 10.0kb for /HDD3/DocumentsHDD3/07_2022-/scBRAIN/wenliang/2037_merged.mcool written to OUTPUT/PYTHON/AD_CTRL_10kb_ENT3C_OUT.csv
2025-08-04 11:42:09,814 - INFO - Chr21 10.0kb for /HDD3/DocumentsHDD3/07_2022-/scBRAIN/wenliang/2012_merged.mcool written to OUTPUT/PYTHON/AD_CTRL_10kb_ENT3C_OUT.csv
2025-08-04 11:42:24,020 - INFO - Chr21 10.0kb for /HDD3/DocumentsHDD3/07_2022-/scBRAIN/wenliang/2097_merged.mcool written to OUTPUT/PYTHON/AD_CTRL_10kb_ENT3C_OUT.csv
2025-08-04 11:42:42,891 - INFO - Chr21 10.0kb for /HDD3/DocumentsHDD3/07_2022-/scBRAIN/wenliang/2058_merged.mcool written to OUTPUT/PYTHON/AD_CTRL_10kb_ENT3C_OUT.csv
2025-08-04 11:42:59,773 - INFO - Chr21 10.0kb for /HDD3/DocumentsHDD3/07_2022-/scBRAIN/wenliang/2380_merged.mcool written to OUTPUT/PYTHON/AD_CTRL_10kb_ENT3C_OUT.csv
2025-08-04 11:43:17,020 - INFO - Chr22 10.0kb for /HDD3/DocumentsHDD3/07_2022-/scBRAIN/wenliang/2021_merged.mcool written to OUTPUT/PYTHON/AD_CTRL_10kb_ENT3C_OUT.csv
2025-08-04 11:43:30,221 - INFO - Chr22 10.0kb for /HDD3/DocumentsHDD3/07_2022-/scBRAIN/wenliang/2026_merged.mcool written to OUTPUT/PYTHON/AD_CTRL_10kb_ENT3C_OUT.csv
2025-08-04 11:43:44,572 - INFO - Chr22 10.0kb for /HDD3/DocumentsHDD3/07_2022-/scBRAIN/wenliang/2027_merged.mcool written to OUTPUT/PYTHON/AD_CTRL_10kb_ENT3C_OUT.csv
2025-08-04 11:43:57,725 - INFO - Chr22 10.0kb for /HDD3/DocumentsHDD3/07_2022-/scBRAIN/wenliang/2037_merged.mcool written to OUTPUT/PYTHON/AD_CTRL_10kb_ENT3C_OUT.csv
2025-08-04 11:44:11,017 - INFO - Chr22 10.0kb for /HDD3/DocumentsHDD3/07_2022-/scBRAIN/wenliang/2012_merged.mcool written to OUTPUT/PYTHON/AD_CTRL_10kb_ENT3C_OUT.csv
2025-08-04 11:44:26,403 - INFO - Chr22 10.0kb for /HDD3/DocumentsHDD3/07_2022-/scBRAIN/wenliang/2097_merged.mcool written to OUTPUT/PYTHON/AD_CTRL_10kb_ENT3C_OUT.csv
2025-08-04 11:44:43,423 - INFO - Chr22 10.0kb for /HDD3/DocumentsHDD3/07_2022-/scBRAIN/wenliang/2058_merged.mcool written to OUTPUT/PYTHON/AD_CTRL_10kb_ENT3C_OUT.csv
2025-08-04 11:44:57,124 - INFO - Chr22 10.0kb for /HDD3/DocumentsHDD3/07_2022-/scBRAIN/wenliang/2380_merged.mcool written to OUTPUT/PYTHON/AD_CTRL_10kb_ENT3C_OUT.csv
2025-08-04 11:44:59,082 - INFO - Chr21 25.0kb for /HDD3/DocumentsHDD3/07_2022-/scBRAIN/wenliang/2021_merged.mcool written to OUTPUT/PYTHON/AD_CTRL_10kb_ENT3C_OUT.csv
2025-08-04 11:45:00,201 - INFO - Chr21 25.0kb for /HDD3/DocumentsHDD3/07_2022-/scBRAIN/wenliang/2026_merged.mcool written to OUTPUT/PYTHON/AD_CTRL_10kb_ENT3C_OUT.csv
2025-08-04 11:45:01,276 - INFO - Chr21 25.0kb for /HDD3/DocumentsHDD3/07_2022-/scBRAIN/wenliang/2027_merged.mcool written to OUTPUT/PYTHON/AD_CTRL_10kb_ENT3C_OUT.csv
2025-08-04 11:45:02,421 - INFO - Chr21 25.0kb for /HDD3/DocumentsHDD3/07_2022-/scBRAIN/wenliang/2037_merged.mcool written to OUTPUT/PYTHON/AD_CTRL_10kb_ENT3C_OUT.csv
2025-08-04 11:45:03,532 - INFO - Chr21 25.0kb for /HDD3/DocumentsHDD3/07_2022-/scBRAIN/wenliang/2012_merged.mcool written to OUTPUT/PYTHON/AD_CTRL_10kb_ENT3C_OUT.csv
2025-08-04 11:45:04,609 - INFO - Chr21 25.0kb for /HDD3/DocumentsHDD3/07_2022-/scBRAIN/wenliang/2097_merged.mcool written to OUTPUT/PYTHON/AD_CTRL_10kb_ENT3C_OUT.csv
2025-08-04 11:45:05,723 - INFO - Chr21 25.0kb for /HDD3/DocumentsHDD3/07_2022-/scBRAIN/wenliang/2058_merged.mcool written to OUTPUT/PYTHON/AD_CTRL_10kb_ENT3C_OUT.csv
2025-08-04 11:45:06,826 - INFO - Chr21 25.0kb for /HDD3/DocumentsHDD3/07_2022-/scBRAIN/wenliang/2380_merged.mcool written to OUTPUT/PYTHON/AD_CTRL_10kb_ENT3C_OUT.csv
2025-08-04 11:45:08,786 - INFO - Chr22 25.0kb for /HDD3/DocumentsHDD3/07_2022-/scBRAIN/wenliang/2021_merged.mcool written to OUTPUT/PYTHON/AD_CTRL_10kb_ENT3C_OUT.csv
2025-08-04 11:45:09,950 - INFO - Chr22 25.0kb for /HDD3/DocumentsHDD3/07_2022-/scBRAIN/wenliang/2026_merged.mcool written to OUTPUT/PYTHON/AD_CTRL_10kb_ENT3C_OUT.csv
2025-08-04 11:45:11,061 - INFO - Chr22 25.0kb for /HDD3/DocumentsHDD3/07_2022-/scBRAIN/wenliang/2027_merged.mcool written to OUTPUT/PYTHON/AD_CTRL_10kb_ENT3C_OUT.csv
2025-08-04 11:45:12,227 - INFO - Chr22 25.0kb for /HDD3/DocumentsHDD3/07_2022-/scBRAIN/wenliang/2037_merged.mcool written to OUTPUT/PYTHON/AD_CTRL_10kb_ENT3C_OUT.csv
2025-08-04 11:45:13,385 - INFO - Chr22 25.0kb for /HDD3/DocumentsHDD3/07_2022-/scBRAIN/wenliang/2012_merged.mcool written to OUTPUT/PYTHON/AD_CTRL_10kb_ENT3C_OUT.csv
2025-08-04 11:45:14,530 - INFO - Chr22 25.0kb for /HDD3/DocumentsHDD3/07_2022-/scBRAIN/wenliang/2097_merged.mcool written to OUTPUT/PYTHON/AD_CTRL_10kb_ENT3C_OUT.csv
2025-08-04 11:45:15,667 - INFO - Chr22 25.0kb for /HDD3/DocumentsHDD3/07_2022-/scBRAIN/wenliang/2058_merged.mcool written to OUTPUT/PYTHON/AD_CTRL_10kb_ENT3C_OUT.csv
2025-08-04 11:45:16,845 - INFO - Chr22 25.0kb for /HDD3/DocumentsHDD3/07_2022-/scBRAIN/wenliang/2380_merged.mcool written to OUTPUT/PYTHON/AD_CTRL_10kb_ENT3C_OUT.csv
2025-08-04 11:45:16,884 - INFO - Inputs: ODC_AD_BR1, ODC_AD_BR2, ODC_AD_BR3, ODC_AD_BR4, ODC_CTL_BR1, ODC_CTL_BR2, ODC_CTL_BR3, ODC_CTL_BR4
2025-08-04 11:45:16,884 - INFO - Apply cooler weights? no.
2025-08-04 11:45:16,884 - INFO - CHRSPLIT: 10
2025-08-04 11:45:16,884 - INFO - Sub matrix size PHI: nan
2025-08-04 11:45:16,884 - INFO - Window shift phi: 1
2025-08-04 11:45:16,884 - INFO - Chromosomes: ['21', '22']
2025-08-04 11:45:16,884 - INFO - Resolutions: [10000, 25000]
2025-08-04 11:48:54,286 - INFO - Inputs: ODC_AD_BR1, ODC_AD_BR2, ODC_AD_BR3, ODC_AD_BR4, ODC_CTL_BR1, ODC_CTL_BR2, ODC_CTL_BR3, ODC_CTL_BR4
2025-08-04 11:48:54,286 - INFO - Apply cooler weights? no.
2025-08-04 11:48:54,286 - INFO - CHRSPLIT: 10
2025-08-04 11:48:54,286 - INFO - Sub matrix size PHI: nan
2025-08-04 11:48:54,286 - INFO - Window shift phi: 1
2025-08-04 11:48:54,286 - INFO - Chromosomes: ['21', '22']
2025-08-04 11:48:54,286 - INFO - Resolutions: [10000, 25000]
2025-08-04 11:48:56,401 - INFO - Inputs: ODC_AD_BR1, ODC_AD_BR2, ODC_AD_BR3, ODC_AD_BR4, ODC_CTL_BR1, ODC_CTL_BR2, ODC_CTL_BR3, ODC_CTL_BR4
2025-08-04 11:48:56,401 - INFO - Apply cooler weights? no.
2025-08-04 11:48:56,401 - INFO - CHRSPLIT: 10
2025-08-04 11:48:56,401 - INFO - Sub matrix size PHI: nan
2025-08-04 11:48:56,401 - INFO - Window shift phi: 1
2025-08-04 11:48:56,401 - INFO - Chromosomes: ['21', '22']
2025-08-04 11:48:56,401 - INFO - Resolutions: [10000, 25000]
2025-08-04 11:50:15,429 - INFO - Inputs: ODC_AD_BR1, ODC_AD_BR2, ODC_AD_BR3, ODC_AD_BR4, ODC_CTL_BR1, ODC_CTL_BR2, ODC_CTL_BR3, ODC_CTL_BR4
2025-08-04 11:50:15,430 - INFO - Apply cooler weights? no.
2025-08-04 11:50:15,430 - INFO - CHRSPLIT: 10
2025-08-04 11:50:15,430 - INFO - Sub matrix size PHI: nan
2025-08-04 11:50:15,430 - INFO - Window shift phi: 1
2025-08-04 11:50:15,430 - INFO - Chromosomes: ['21', '22']
2025-08-04 11:50:15,430 - INFO - Resolutions: [10000, 25000]
2025-08-04 11:50:17,482 - INFO - Inputs: ODC_AD_BR1, ODC_AD_BR2, ODC_AD_BR3, ODC_AD_BR4, ODC_CTL_BR1, ODC_CTL_BR2, ODC_CTL_BR3, ODC_CTL_BR4
2025-08-04 11:50:17,482 - INFO - Apply cooler weights? no.
2025-08-04 11:50:17,482 - INFO - CHRSPLIT: 10
2025-08-04 11:50:17,482 - INFO - Sub matrix size PHI: nan
2025-08-04 11:50:17,482 - INFO - Window shift phi: 1
2025-08-04 11:50:17,482 - INFO - Chromosomes: ['21', '22']
2025-08-04 11:50:17,482 - INFO - Resolutions: [10000, 25000]
2025-08-04 11:52:15,689 - INFO - Inputs: ODC_AD_BR1, ODC_AD_BR2, ODC_AD_BR3, ODC_AD_BR4, ODC_CTL_BR1, ODC_CTL_BR2, ODC_CTL_BR3, ODC_CTL_BR4
2025-08-04 11:52:15,689 - INFO - Apply cooler weights? no.
2025-08-04 11:52:15,689 - INFO - CHRSPLIT: 10
2025-08-04 11:52:15,689 - INFO - Sub matrix size PHI: nan
2025-08-04 11:52:15,689 - INFO - Window shift phi: 1
2025-08-04 11:52:15,689 - INFO - Chromosomes: ['21', '22']
2025-08-04 11:52:15,689 - INFO - Resolutions: [10000, 25000]
2025-08-04 11:52:33,485 - INFO - Chr21 10.0kb for /HDD3/DocumentsHDD3/07_2022-/scBRAIN/wenliang/2021_merged.mcool written to OUTPUT/PYTHON/AD_CTRL_10kb_ENT3C_OUT.csv
2025-08-04 11:52:45,981 - INFO - Chr21 10.0kb for /HDD3/DocumentsHDD3/07_2022-/scBRAIN/wenliang/2026_merged.mcool written to OUTPUT/PYTHON/AD_CTRL_10kb_ENT3C_OUT.csv
2025-08-04 11:52:59,339 - INFO - Chr21 10.0kb for /HDD3/DocumentsHDD3/07_2022-/scBRAIN/wenliang/2027_merged.mcool written to OUTPUT/PYTHON/AD_CTRL_10kb_ENT3C_OUT.csv
2025-08-04 11:53:12,368 - INFO - Chr21 10.0kb for /HDD3/DocumentsHDD3/07_2022-/scBRAIN/wenliang/2037_merged.mcool written to OUTPUT/PYTHON/AD_CTRL_10kb_ENT3C_OUT.csv
2025-08-04 11:53:25,805 - INFO - Chr21 10.0kb for /HDD3/DocumentsHDD3/07_2022-/scBRAIN/wenliang/2012_merged.mcool written to OUTPUT/PYTHON/AD_CTRL_10kb_ENT3C_OUT.csv
2025-08-04 11:53:38,610 - INFO - Chr21 10.0kb for /HDD3/DocumentsHDD3/07_2022-/scBRAIN/wenliang/2097_merged.mcool written to OUTPUT/PYTHON/AD_CTRL_10kb_ENT3C_OUT.csv
2025-08-04 11:53:51,381 - INFO - Chr21 10.0kb for /HDD3/DocumentsHDD3/07_2022-/scBRAIN/wenliang/2058_merged.mcool written to OUTPUT/PYTHON/AD_CTRL_10kb_ENT3C_OUT.csv
2025-08-04 11:54:03,889 - INFO - Chr21 10.0kb for /HDD3/DocumentsHDD3/07_2022-/scBRAIN/wenliang/2380_merged.mcool written to OUTPUT/PYTHON/AD_CTRL_10kb_ENT3C_OUT.csv
2025-08-04 11:54:18,946 - INFO - Chr22 10.0kb for /HDD3/DocumentsHDD3/07_2022-/scBRAIN/wenliang/2021_merged.mcool written to OUTPUT/PYTHON/AD_CTRL_10kb_ENT3C_OUT.csv
2025-08-04 11:54:33,369 - INFO - Chr22 10.0kb for /HDD3/DocumentsHDD3/07_2022-/scBRAIN/wenliang/2026_merged.mcool written to OUTPUT/PYTHON/AD_CTRL_10kb_ENT3C_OUT.csv
2025-08-04 11:56:04,488 - INFO - Inputs: ODC_AD_BR1, ODC_AD_BR2, ODC_AD_BR3, ODC_AD_BR4, ODC_CTL_BR1, ODC_CTL_BR2, ODC_CTL_BR3, ODC_CTL_BR4
2025-08-04 11:56:04,488 - INFO - Apply cooler weights? no.
2025-08-04 11:56:04,488 - INFO - CHRSPLIT: 10
2025-08-04 11:56:04,488 - INFO - Sub matrix size PHI: nan
2025-08-04 11:56:04,488 - INFO - Window shift phi: 1
2025-08-04 11:56:04,488 - INFO - Chromosomes: ['21', '22']
2025-08-04 11:56:04,488 - INFO - Resolutions: [10000, 25000]
2025-08-04 11:56:23,456 - INFO - Chr21 10.0kb for /HDD3/DocumentsHDD3/07_2022-/scBRAIN/wenliang/2021_merged.mcool written to OUTPUT/PYTHON/AD_CTRL_10kb_ENT3C_OUT.csv
2025-08-04 11:56:37,791 - INFO - Chr21 10.0kb for /HDD3/DocumentsHDD3/07_2022-/scBRAIN/wenliang/2026_merged.mcool written to OUTPUT/PYTHON/AD_CTRL_10kb_ENT3C_OUT.csv
2025-08-04 11:56:53,463 - INFO - Chr21 10.0kb for /HDD3/DocumentsHDD3/07_2022-/scBRAIN/wenliang/2027_merged.mcool written to OUTPUT/PYTHON/AD_CTRL_10kb_ENT3C_OUT.csv
2025-08-04 11:57:08,618 - INFO - Chr21 10.0kb for /HDD3/DocumentsHDD3/07_2022-/scBRAIN/wenliang/2037_merged.mcool written to OUTPUT/PYTHON/AD_CTRL_10kb_ENT3C_OUT.csv
2025-08-04 11:57:23,800 - INFO - Chr21 10.0kb for /HDD3/DocumentsHDD3/07_2022-/scBRAIN/wenliang/2012_merged.mcool written to OUTPUT/PYTHON/AD_CTRL_10kb_ENT3C_OUT.csv
2025-08-04 11:57:38,080 - INFO - Chr21 10.0kb for /HDD3/DocumentsHDD3/07_2022-/scBRAIN/wenliang/2097_merged.mcool written to OUTPUT/PYTHON/AD_CTRL_10kb_ENT3C_OUT.csv
2025-08-04 11:57:51,500 - INFO - Chr21 10.0kb for /HDD3/DocumentsHDD3/07_2022-/scBRAIN/wenliang/2058_merged.mcool written to OUTPUT/PYTHON/AD_CTRL_10kb_ENT3C_OUT.csv
2025-08-04 11:58:04,663 - INFO - Chr21 10.0kb for /HDD3/DocumentsHDD3/07_2022-/scBRAIN/wenliang/2380_merged.mcool written to OUTPUT/PYTHON/AD_CTRL_10kb_ENT3C_OUT.csv
2025-08-04 11:58:22,307 - INFO - Chr22 10.0kb for /HDD3/DocumentsHDD3/07_2022-/scBRAIN/wenliang/2021_merged.mcool written to OUTPUT/PYTHON/AD_CTRL_10kb_ENT3C_OUT.csv
2025-08-04 11:58:39,252 - INFO - Chr22 10.0kb for /HDD3/DocumentsHDD3/07_2022-/scBRAIN/wenliang/2026_merged.mcool written to OUTPUT/PYTHON/AD_CTRL_10kb_ENT3C_OUT.csv
2025-08-04 11:58:54,179 - INFO - Chr22 10.0kb for /HDD3/DocumentsHDD3/07_2022-/scBRAIN/wenliang/2027_merged.mcool written to OUTPUT/PYTHON/AD_CTRL_10kb_ENT3C_OUT.csv
2025-08-04 11:59:10,898 - INFO - Chr22 10.0kb for /HDD3/DocumentsHDD3/07_2022-/scBRAIN/wenliang/2037_merged.mcool written to OUTPUT/PYTHON/AD_CTRL_10kb_ENT3C_OUT.csv
2025-08-04 11:59:26,108 - INFO - Chr22 10.0kb for /HDD3/DocumentsHDD3/07_2022-/scBRAIN/wenliang/2012_merged.mcool written to OUTPUT/PYTHON/AD_CTRL_10kb_ENT3C_OUT.csv
2025-08-04 11:59:40,822 - INFO - Chr22 10.0kb for /HDD3/DocumentsHDD3/07_2022-/scBRAIN/wenliang/2097_merged.mcool written to OUTPUT/PYTHON/AD_CTRL_10kb_ENT3C_OUT.csv
2025-08-04 11:59:54,061 - INFO - Chr22 10.0kb for /HDD3/DocumentsHDD3/07_2022-/scBRAIN/wenliang/2058_merged.mcool written to OUTPUT/PYTHON/AD_CTRL_10kb_ENT3C_OUT.csv
2025-08-04 12:00:08,490 - INFO - Chr22 10.0kb for /HDD3/DocumentsHDD3/07_2022-/scBRAIN/wenliang/2380_merged.mcool written to OUTPUT/PYTHON/AD_CTRL_10kb_ENT3C_OUT.csv
2025-08-04 12:00:10,293 - INFO - Chr21 25.0kb for /HDD3/DocumentsHDD3/07_2022-/scBRAIN/wenliang/2021_merged.mcool written to OUTPUT/PYTHON/AD_CTRL_10kb_ENT3C_OUT.csv
2025-08-04 12:00:11,240 - INFO - Chr21 25.0kb for /HDD3/DocumentsHDD3/07_2022-/scBRAIN/wenliang/2026_merged.mcool written to OUTPUT/PYTHON/AD_CTRL_10kb_ENT3C_OUT.csv
2025-08-04 12:00:12,199 - INFO - Chr21 25.0kb for /HDD3/DocumentsHDD3/07_2022-/scBRAIN/wenliang/2027_merged.mcool written to OUTPUT/PYTHON/AD_CTRL_10kb_ENT3C_OUT.csv
2025-08-04 12:00:13,169 - INFO - Chr21 25.0kb for /HDD3/DocumentsHDD3/07_2022-/scBRAIN/wenliang/2037_merged.mcool written to OUTPUT/PYTHON/AD_CTRL_10kb_ENT3C_OUT.csv
2025-08-04 12:00:14,161 - INFO - Chr21 25.0kb for /HDD3/DocumentsHDD3/07_2022-/scBRAIN/wenliang/2012_merged.mcool written to OUTPUT/PYTHON/AD_CTRL_10kb_ENT3C_OUT.csv
2025-08-04 12:00:15,097 - INFO - Chr21 25.0kb for /HDD3/DocumentsHDD3/07_2022-/scBRAIN/wenliang/2097_merged.mcool written to OUTPUT/PYTHON/AD_CTRL_10kb_ENT3C_OUT.csv
2025-08-04 12:00:16,055 - INFO - Chr21 25.0kb for /HDD3/DocumentsHDD3/07_2022-/scBRAIN/wenliang/2058_merged.mcool written to OUTPUT/PYTHON/AD_CTRL_10kb_ENT3C_OUT.csv
2025-08-04 12:00:17,015 - INFO - Chr21 25.0kb for /HDD3/DocumentsHDD3/07_2022-/scBRAIN/wenliang/2380_merged.mcool written to OUTPUT/PYTHON/AD_CTRL_10kb_ENT3C_OUT.csv
2025-08-04 12:00:18,866 - INFO - Chr22 25.0kb for /HDD3/DocumentsHDD3/07_2022-/scBRAIN/wenliang/2021_merged.mcool written to OUTPUT/PYTHON/AD_CTRL_10kb_ENT3C_OUT.csv
2025-08-04 12:00:19,848 - INFO - Chr22 25.0kb for /HDD3/DocumentsHDD3/07_2022-/scBRAIN/wenliang/2026_merged.mcool written to OUTPUT/PYTHON/AD_CTRL_10kb_ENT3C_OUT.csv
2025-08-04 12:00:20,827 - INFO - Chr22 25.0kb for /HDD3/DocumentsHDD3/07_2022-/scBRAIN/wenliang/2027_merged.mcool written to OUTPUT/PYTHON/AD_CTRL_10kb_ENT3C_OUT.csv
2025-08-04 12:00:21,836 - INFO - Chr22 25.0kb for /HDD3/DocumentsHDD3/07_2022-/scBRAIN/wenliang/2037_merged.mcool written to OUTPUT/PYTHON/AD_CTRL_10kb_ENT3C_OUT.csv
2025-08-04 12:00:22,806 - INFO - Chr22 25.0kb for /HDD3/DocumentsHDD3/07_2022-/scBRAIN/wenliang/2012_merged.mcool written to OUTPUT/PYTHON/AD_CTRL_10kb_ENT3C_OUT.csv
2025-08-04 12:00:23,762 - INFO - Chr22 25.0kb for /HDD3/DocumentsHDD3/07_2022-/scBRAIN/wenliang/2097_merged.mcool written to OUTPUT/PYTHON/AD_CTRL_10kb_ENT3C_OUT.csv
2025-08-04 12:00:24,718 - INFO - Chr22 25.0kb for /HDD3/DocumentsHDD3/07_2022-/scBRAIN/wenliang/2058_merged.mcool written to OUTPUT/PYTHON/AD_CTRL_10kb_ENT3C_OUT.csv
2025-08-04 12:00:25,699 - INFO - Chr22 25.0kb for /HDD3/DocumentsHDD3/07_2022-/scBRAIN/wenliang/2380_merged.mcool written to OUTPUT/PYTHON/AD_CTRL_10kb_ENT3C_OUT.csv
2025-08-04 12:00:25,724 - INFO - Inputs: ODC_AD_BR1, ODC_AD_BR2, ODC_AD_BR3, ODC_AD_BR4, ODC_CTL_BR1, ODC_CTL_BR2, ODC_CTL_BR3, ODC_CTL_BR4
2025-08-04 12:00:25,724 - INFO - Apply cooler weights? no.
2025-08-04 12:00:25,724 - INFO - CHRSPLIT: 10
2025-08-04 12:00:25,724 - INFO - Sub matrix size PHI: nan
2025-08-04 12:00:25,724 - INFO - Window shift phi: 1
2025-08-04 12:00:25,725 - INFO - Chromosomes: ['21', '22']
2025-08-04 12:00:25,725 - INFO - Resolutions: [10000, 25000]
2025-08-04 12:05:32,989 - INFO - Inputs: ODC_AD_BR1, ODC_AD_BR2, ODC_AD_BR3, ODC_AD_BR4, ODC_CTL_BR1, ODC_CTL_BR2, ODC_CTL_BR3, ODC_CTL_BR4
2025-08-04 12:05:32,989 - INFO - Apply cooler weights? no.
2025-08-04 12:05:32,989 - INFO - CHRSPLIT: 10
2025-08-04 12:05:32,990 - INFO - Sub matrix size PHI: nan
2025-08-04 12:05:32,990 - INFO - Window shift phi: 1
2025-08-04 12:05:32,990 - INFO - Chromosomes: ['21', '22']
2025-08-04 12:05:32,990 - INFO - Resolutions: [10000, 25000]
2025-08-04 12:05:34,576 - INFO - Inputs: ODC_AD_BR1, ODC_AD_BR2, ODC_AD_BR3, ODC_AD_BR4, ODC_CTL_BR1, ODC_CTL_BR2, ODC_CTL_BR3, ODC_CTL_BR4
2025-08-04 12:05:34,576 - INFO - Apply cooler weights? no.
2025-08-04 12:05:34,576 - INFO - CHRSPLIT: 10
2025-08-04 12:05:34,576 - INFO - Sub matrix size PHI: nan
2025-08-04 12:05:34,576 - INFO - Window shift phi: 1
2025-08-04 12:05:34,576 - INFO - Chromosomes: ['21', '22']
2025-08-04 12:05:34,576 - INFO - Resolutions: [10000, 25000]
2025-08-04 12:06:26,098 - INFO - Inputs: ODC_AD_BR1, ODC_AD_BR2, ODC_AD_BR3, ODC_AD_BR4, ODC_CTL_BR1, ODC_CTL_BR2, ODC_CTL_BR3, ODC_CTL_BR4
2025-08-04 12:06:26,098 - INFO - Apply cooler weights? no.
2025-08-04 12:06:26,098 - INFO - CHRSPLIT: 10
2025-08-04 12:06:26,098 - INFO - Sub matrix size PHI: nan
2025-08-04 12:06:26,098 - INFO - Window shift phi: 1
2025-08-04 12:06:26,099 - INFO - Chromosomes: ['21', '22']
2025-08-04 12:06:26,099 - INFO - Resolutions: [10000, 25000]
2025-08-04 12:06:26,912 - INFO - Inputs: ODC_AD_BR1, ODC_AD_BR2, ODC_AD_BR3, ODC_AD_BR4, ODC_CTL_BR1, ODC_CTL_BR2, ODC_CTL_BR3, ODC_CTL_BR4
2025-08-04 12:06:26,912 - INFO - Apply cooler weights? no.
2025-08-04 12:06:26,912 - INFO - CHRSPLIT: 10
2025-08-04 12:06:26,912 - INFO - Sub matrix size PHI: nan
2025-08-04 12:06:26,912 - INFO - Window shift phi: 1
2025-08-04 12:06:26,912 - INFO - Chromosomes: ['21', '22']
2025-08-04 12:06:26,912 - INFO - Resolutions: [10000, 25000]
2025-08-04 12:06:52,121 - INFO - Inputs: ODC_AD_BR1, ODC_AD_BR2, ODC_AD_BR3, ODC_AD_BR4, ODC_CTL_BR1, ODC_CTL_BR2, ODC_CTL_BR3, ODC_CTL_BR4
2025-08-04 12:06:52,121 - INFO - Apply cooler weights? no.
2025-08-04 12:06:52,121 - INFO - CHRSPLIT: 10
2025-08-04 12:06:52,121 - INFO - Sub matrix size PHI: nan
2025-08-04 12:06:52,121 - INFO - Window shift phi: 1
2025-08-04 12:06:52,121 - INFO - Chromosomes: ['21', '22']
2025-08-04 12:06:52,121 - INFO - Resolutions: [10000, 25000]
2025-08-04 12:06:53,978 - INFO - Inputs: ODC_AD_BR1, ODC_AD_BR2, ODC_AD_BR3, ODC_AD_BR4, ODC_CTL_BR1, ODC_CTL_BR2, ODC_CTL_BR3, ODC_CTL_BR4
2025-08-04 12:06:53,978 - INFO - Apply cooler weights? no.
2025-08-04 12:06:53,978 - INFO - CHRSPLIT: 10
2025-08-04 12:06:53,978 - INFO - Sub matrix size PHI: nan
2025-08-04 12:06:53,978 - INFO - Window shift phi: 1
2025-08-04 12:06:53,978 - INFO - Chromosomes: ['21', '22']
2025-08-04 12:06:53,978 - INFO - Resolutions: [10000, 25000]
2025-08-04 12:07:35,203 - INFO - Inputs: ODC_AD_BR1, ODC_AD_BR2, ODC_AD_BR3, ODC_AD_BR4, ODC_CTL_BR1, ODC_CTL_BR2, ODC_CTL_BR3, ODC_CTL_BR4
2025-08-04 12:07:35,204 - INFO - Apply cooler weights? no.
2025-08-04 12:07:35,204 - INFO - CHRSPLIT: 10
2025-08-04 12:07:35,204 - INFO - Sub matrix size PHI: nan
2025-08-04 12:07:35,204 - INFO - Window shift phi: 1
2025-08-04 12:07:35,204 - INFO - Chromosomes: ['21', '22']
2025-08-04 12:07:35,204 - INFO - Resolutions: [10000, 25000]
2025-08-04 12:07:37,483 - INFO - Inputs: ODC_AD_BR1, ODC_AD_BR2, ODC_AD_BR3, ODC_AD_BR4, ODC_CTL_BR1, ODC_CTL_BR2, ODC_CTL_BR3, ODC_CTL_BR4
2025-08-04 12:07:37,483 - INFO - Apply cooler weights? no.
2025-08-04 12:07:37,483 - INFO - CHRSPLIT: 10
2025-08-04 12:07:37,483 - INFO - Sub matrix size PHI: nan
2025-08-04 12:07:37,483 - INFO - Window shift phi: 1
2025-08-04 12:07:37,483 - INFO - Chromosomes: ['21', '22']
2025-08-04 12:07:37,483 - INFO - Resolutions: [10000, 25000]
2025-08-04 12:09:05,256 - INFO - Inputs: ODC_AD_BR1, ODC_AD_BR2, ODC_AD_BR3, ODC_AD_BR4, ODC_CTL_BR1, ODC_CTL_BR2, ODC_CTL_BR3, ODC_CTL_BR4
2025-08-04 12:09:05,257 - INFO - Apply cooler weights? no.
2025-08-04 12:09:05,257 - INFO - CHRSPLIT: 10
2025-08-04 12:09:05,257 - INFO - Sub matrix size PHI: nan
2025-08-04 12:09:05,257 - INFO - Window shift phi: 1
2025-08-04 12:09:05,257 - INFO - Chromosomes: ['21', '22']
2025-08-04 12:09:05,257 - INFO - Resolutions: [10000, 25000]
2025-08-04 12:09:06,943 - INFO - Inputs: ODC_AD_BR1, ODC_AD_BR2, ODC_AD_BR3, ODC_AD_BR4, ODC_CTL_BR1, ODC_CTL_BR2, ODC_CTL_BR3, ODC_CTL_BR4
2025-08-04 12:09:06,943 - INFO - Apply cooler weights? no.
2025-08-04 12:09:06,943 - INFO - CHRSPLIT: 10
2025-08-04 12:09:06,943 - INFO - Sub matrix size PHI: nan
2025-08-04 12:09:06,943 - INFO - Window shift phi: 1
2025-08-04 12:09:06,943 - INFO - Chromosomes: ['21', '22']
2025-08-04 12:09:06,943 - INFO - Resolutions: [10000, 25000]
2025-08-04 12:10:33,061 - INFO - Inputs: ODC_AD_BR1, ODC_AD_BR2, ODC_AD_BR3, ODC_AD_BR4, ODC_CTL_BR1, ODC_CTL_BR2, ODC_CTL_BR3, ODC_CTL_BR4
2025-08-04 12:10:33,061 - INFO - Apply cooler weights? no.
2025-08-04 12:10:33,061 - INFO - CHRSPLIT: 10
2025-08-04 12:10:33,061 - INFO - Sub matrix size PHI: nan
2025-08-04 12:10:33,061 - INFO - Window shift phi: 1
2025-08-04 12:10:33,061 - INFO - Chromosomes: ['21', '22']
2025-08-04 12:10:33,062 - INFO - Resolutions: [10000, 25000]
2025-08-04 12:10:34,787 - INFO - Inputs: ODC_AD_BR1, ODC_AD_BR2, ODC_AD_BR3, ODC_AD_BR4, ODC_CTL_BR1, ODC_CTL_BR2, ODC_CTL_BR3, ODC_CTL_BR4
2025-08-04 12:10:34,787 - INFO - Apply cooler weights? no.
2025-08-04 12:10:34,787 - INFO - CHRSPLIT: 10
2025-08-04 12:10:34,787 - INFO - Sub matrix size PHI: nan
2025-08-04 12:10:34,787 - INFO - Window shift phi: 1
2025-08-04 12:10:34,787 - INFO - Chromosomes: ['21', '22']
2025-08-04 12:10:34,787 - INFO - Resolutions: [10000, 25000]
2025-08-04 12:11:02,128 - INFO - Inputs: ODC_AD_BR1, ODC_AD_BR2, ODC_AD_BR3, ODC_AD_BR4, ODC_CTL_BR1, ODC_CTL_BR2, ODC_CTL_BR3, ODC_CTL_BR4
2025-08-04 12:11:02,129 - INFO - Apply cooler weights? no.
2025-08-04 12:11:02,129 - INFO - CHRSPLIT: 10
2025-08-04 12:11:02,129 - INFO - Sub matrix size PHI: nan
2025-08-04 12:11:02,129 - INFO - Window shift phi: 1
2025-08-04 12:11:02,129 - INFO - Chromosomes: ['21', '22']
2025-08-04 12:11:02,129 - INFO - Resolutions: [10000, 25000]
2025-08-04 12:11:03,731 - INFO - Inputs: ODC_AD_BR1, ODC_AD_BR2, ODC_AD_BR3, ODC_AD_BR4, ODC_CTL_BR1, ODC_CTL_BR2, ODC_CTL_BR3, ODC_CTL_BR4
2025-08-04 12:11:03,731 - INFO - Apply cooler weights? no.
2025-08-04 12:11:03,731 - INFO - CHRSPLIT: 10
2025-08-04 12:11:03,731 - INFO - Sub matrix size PHI: nan
2025-08-04 12:11:03,731 - INFO - Window shift phi: 1
2025-08-04 12:11:03,731 - INFO - Chromosomes: ['21', '22']
2025-08-04 12:11:03,731 - INFO - Resolutions: [10000, 25000]
2025-08-04 12:12:18,149 - INFO - Inputs: ODC_AD_BR1, ODC_AD_BR2, ODC_AD_BR3, ODC_AD_BR4, ODC_CTL_BR1, ODC_CTL_BR2, ODC_CTL_BR3, ODC_CTL_BR4
2025-08-04 12:12:18,149 - INFO - Apply cooler weights? no.
2025-08-04 12:12:18,149 - INFO - CHRSPLIT: 10
2025-08-04 12:12:18,149 - INFO - Sub matrix size PHI: nan
2025-08-04 12:12:18,149 - INFO - Window shift phi: 1
2025-08-04 12:12:18,149 - INFO - Chromosomes: ['21', '22']
2025-08-04 12:12:18,149 - INFO - Resolutions: [10000, 25000]
2025-08-04 12:12:21,461 - INFO - Inputs: ODC_AD_BR1, ODC_AD_BR2, ODC_AD_BR3, ODC_AD_BR4, ODC_CTL_BR1, ODC_CTL_BR2, ODC_CTL_BR3, ODC_CTL_BR4
2025-08-04 12:12:21,461 - INFO - Apply cooler weights? no.
2025-08-04 12:12:21,461 - INFO - CHRSPLIT: 10
2025-08-04 12:12:21,461 - INFO - Sub matrix size PHI: nan
2025-08-04 12:12:21,461 - INFO - Window shift phi: 1
2025-08-04 12:12:21,461 - INFO - Chromosomes: ['21', '22']
2025-08-04 12:12:21,461 - INFO - Resolutions: [10000, 25000]
2025-08-04 12:13:03,737 - INFO - Inputs: ODC_AD_BR1, ODC_AD_BR2, ODC_AD_BR3, ODC_AD_BR4, ODC_CTL_BR1, ODC_CTL_BR2, ODC_CTL_BR3, ODC_CTL_BR4
2025-08-04 12:13:03,738 - INFO - Apply cooler weights? no.
2025-08-04 12:13:03,738 - INFO - CHRSPLIT: 10
2025-08-04 12:13:03,738 - INFO - Sub matrix size PHI: nan
2025-08-04 12:13:03,738 - INFO - Window shift phi: 1
2025-08-04 12:13:03,738 - INFO - Chromosomes: ['21', '22']
2025-08-04 12:13:03,738 - INFO - Resolutions: [10000, 25000]
2025-08-04 12:13:04,953 - INFO - Inputs: ODC_AD_BR1, ODC_AD_BR2, ODC_AD_BR3, ODC_AD_BR4, ODC_CTL_BR1, ODC_CTL_BR2, ODC_CTL_BR3, ODC_CTL_BR4
2025-08-04 12:13:04,953 - INFO - Apply cooler weights? no.
2025-08-04 12:13:04,953 - INFO - CHRSPLIT: 10
2025-08-04 12:13:04,953 - INFO - Sub matrix size PHI: nan
2025-08-04 12:13:04,953 - INFO - Window shift phi: 1
2025-08-04 12:13:04,953 - INFO - Chromosomes: ['21', '22']
2025-08-04 12:13:04,953 - INFO - Resolutions: [10000, 25000]
