2025-08-11 15:31:19,167 - INFO - Inputs: G401_BR1, G401_BR2, A549_BR1, A549_BR2, LNCap_BR1, LNCap_BR2, HFFc6_BR1, HFFc6_BR2, HFFc6_BR3, H1-hESC_BR1, H1-hESC_BR2
2025-08-11 15:31:19,167 - INFO - Apply cooler weights? yes. Name in cooler:w, e, i, g, h, t
2025-08-11 15:31:19,167 - INFO - CHRSPLIT: nan
2025-08-11 15:31:19,167 - INFO - Sub matrix size PHI: 500
2025-08-11 15:31:19,167 - INFO - Window shift phi: 1
2025-08-11 15:31:19,167 - INFO - Chromosomes: ['2', '4', '6', '8', '10', '12', '14', '16', '18', '20', '22', 'X']
2025-08-11 15:31:19,167 - INFO - Resolutions: [40000]
2025-08-11 15:31:19,167 - INFO - Namespace(command='run_all', config='config/config.Norm.json')
2025-08-11 15:31:19,167 - INFO - Inputs: G401_BR1, G401_BR2, A549_BR1, A549_BR2, LNCap_BR1, LNCap_BR2, HFFc6_BR1, HFFc6_BR2, HFFc6_BR3, H1-hESC_BR1, H1-hESC_BR2
2025-08-11 15:31:19,167 - INFO - Apply cooler weights? yes. Name in cooler:w, e, i, g, h, t
2025-08-11 15:31:19,167 - INFO - CHRSPLIT: nan
2025-08-11 15:31:19,167 - INFO - Sub matrix size PHI: 500
2025-08-11 15:31:19,167 - INFO - Window shift phi: 1
2025-08-11 15:31:19,167 - INFO - Chromosomes: ['2', '4', '6', '8', '10', '12', '14', '16', '18', '20', '22', 'X']
2025-08-11 15:31:19,168 - INFO - Resolutions: [40000]
2025-08-11 15:31:19,171 - INFO - Inputs: G401_BR1, G401_BR2, A549_BR1, A549_BR2, LNCap_BR1, LNCap_BR2, HFFc6_BR1, HFFc6_BR2, HFFc6_BR3, H1-hESC_BR1, H1-hESC_BR2
2025-08-11 15:31:19,172 - INFO - Apply cooler weights? yes. Name in cooler:w, e, i, g, h, t
2025-08-11 15:31:19,172 - INFO - CHRSPLIT: nan
2025-08-11 15:31:19,172 - INFO - Sub matrix size PHI: 500
2025-08-11 15:31:19,172 - INFO - Window shift phi: 1
2025-08-11 15:31:19,172 - INFO - Chromosomes: ['2', '4', '6', '8', '10', '12', '14', '16', '18', '20', '22', 'X']
2025-08-11 15:31:19,172 - INFO - Resolutions: [40000]
2025-08-11 15:31:53,811 - INFO - SUB_M_SIZE 500 ,WN 870, phi 6
2025-08-11 15:31:53,820 - INFO - Chr2 40.0kb for ./DATA/ENCSR079VIJ.BioRep1.40kb.cool written to ./OUTPUT/PYTHON/EvenChromosomes_Weights_ENT3C_OUT.csv
2025-08-11 15:32:11,831 - INFO - Chr2 40.0kb for ./DATA/ENCSR079VIJ.BioRep2.40kb.cool written to ./OUTPUT/PYTHON/EvenChromosomes_Weights_ENT3C_OUT.csv
2025-08-11 15:32:29,232 - INFO - Chr2 40.0kb for ./DATA/ENCSR444WCZ.BioRep1.40kb.cool written to ./OUTPUT/PYTHON/EvenChromosomes_Weights_ENT3C_OUT.csv
2025-08-11 15:32:47,231 - INFO - Chr2 40.0kb for ./DATA/ENCSR444WCZ.BioRep2.40kb.cool written to ./OUTPUT/PYTHON/EvenChromosomes_Weights_ENT3C_OUT.csv
2025-08-11 15:33:05,000 - INFO - Chr2 40.0kb for ./DATA/ENCSR346DCU.BioRep1.40kb.cool written to ./OUTPUT/PYTHON/EvenChromosomes_Weights_ENT3C_OUT.csv
2025-08-11 15:33:21,653 - INFO - Chr2 40.0kb for ./DATA/ENCSR346DCU.BioRep2.40kb.cool written to ./OUTPUT/PYTHON/EvenChromosomes_Weights_ENT3C_OUT.csv
2025-08-11 15:33:38,671 - INFO - Chr2 40.0kb for ./DATA/4DNESWST3UBH.BioRep1.40kb.cool written to ./OUTPUT/PYTHON/EvenChromosomes_Weights_ENT3C_OUT.csv
2025-08-11 15:33:57,549 - INFO - Chr2 40.0kb for ./DATA/4DNESWST3UBH.BioRep2.40kb.cool written to ./OUTPUT/PYTHON/EvenChromosomes_Weights_ENT3C_OUT.csv
2025-08-11 15:34:14,557 - INFO - Chr2 40.0kb for ./DATA/4DNESWST3UBH.BioRep3.40kb.cool written to ./OUTPUT/PYTHON/EvenChromosomes_Weights_ENT3C_OUT.csv
2025-08-11 15:34:31,567 - INFO - Chr2 40.0kb for ./DATA/4DNFI9GMP2J8.BioRep1.40kb.cool written to ./OUTPUT/PYTHON/EvenChromosomes_Weights_ENT3C_OUT.csv
2025-08-11 15:34:48,558 - INFO - Chr2 40.0kb for ./DATA/4DNFI9GMP2J8.BioRep2.40kb.cool written to ./OUTPUT/PYTHON/EvenChromosomes_Weights_ENT3C_OUT.csv
2025-08-11 15:35:08,949 - INFO - SUB_M_SIZE 500 ,WN 685, phi 6
2025-08-11 15:35:08,958 - INFO - Chr4 40.0kb for ./DATA/ENCSR079VIJ.BioRep1.40kb.cool written to ./OUTPUT/PYTHON/EvenChromosomes_Weights_ENT3C_OUT.csv
2025-08-11 15:35:22,150 - INFO - Chr4 40.0kb for ./DATA/ENCSR079VIJ.BioRep2.40kb.cool written to ./OUTPUT/PYTHON/EvenChromosomes_Weights_ENT3C_OUT.csv
2025-08-11 15:35:34,802 - INFO - Chr4 40.0kb for ./DATA/ENCSR444WCZ.BioRep1.40kb.cool written to ./OUTPUT/PYTHON/EvenChromosomes_Weights_ENT3C_OUT.csv
2025-08-11 15:35:47,632 - INFO - Chr4 40.0kb for ./DATA/ENCSR444WCZ.BioRep2.40kb.cool written to ./OUTPUT/PYTHON/EvenChromosomes_Weights_ENT3C_OUT.csv
2025-08-11 15:36:00,391 - INFO - Chr4 40.0kb for ./DATA/ENCSR346DCU.BioRep1.40kb.cool written to ./OUTPUT/PYTHON/EvenChromosomes_Weights_ENT3C_OUT.csv
2025-08-11 15:36:13,216 - INFO - Chr4 40.0kb for ./DATA/ENCSR346DCU.BioRep2.40kb.cool written to ./OUTPUT/PYTHON/EvenChromosomes_Weights_ENT3C_OUT.csv
2025-08-11 15:36:26,763 - INFO - Chr4 40.0kb for ./DATA/4DNESWST3UBH.BioRep1.40kb.cool written to ./OUTPUT/PYTHON/EvenChromosomes_Weights_ENT3C_OUT.csv
2025-08-11 15:36:41,027 - INFO - Chr4 40.0kb for ./DATA/4DNESWST3UBH.BioRep2.40kb.cool written to ./OUTPUT/PYTHON/EvenChromosomes_Weights_ENT3C_OUT.csv
2025-08-11 15:36:54,160 - INFO - Chr4 40.0kb for ./DATA/4DNESWST3UBH.BioRep3.40kb.cool written to ./OUTPUT/PYTHON/EvenChromosomes_Weights_ENT3C_OUT.csv
2025-08-11 15:37:09,294 - INFO - Chr4 40.0kb for ./DATA/4DNFI9GMP2J8.BioRep1.40kb.cool written to ./OUTPUT/PYTHON/EvenChromosomes_Weights_ENT3C_OUT.csv
2025-08-11 15:37:22,581 - INFO - Chr4 40.0kb for ./DATA/4DNFI9GMP2J8.BioRep2.40kb.cool written to ./OUTPUT/PYTHON/EvenChromosomes_Weights_ENT3C_OUT.csv
2025-08-11 15:37:41,232 - INFO - SUB_M_SIZE 500 ,WN 601, phi 6
2025-08-11 15:37:41,240 - INFO - Chr6 40.0kb for ./DATA/ENCSR079VIJ.BioRep1.40kb.cool written to ./OUTPUT/PYTHON/EvenChromosomes_Weights_ENT3C_OUT.csv
2025-08-11 15:37:52,926 - INFO - Chr6 40.0kb for ./DATA/ENCSR079VIJ.BioRep2.40kb.cool written to ./OUTPUT/PYTHON/EvenChromosomes_Weights_ENT3C_OUT.csv
2025-08-11 15:38:04,455 - INFO - Chr6 40.0kb for ./DATA/ENCSR444WCZ.BioRep1.40kb.cool written to ./OUTPUT/PYTHON/EvenChromosomes_Weights_ENT3C_OUT.csv
2025-08-11 15:38:16,188 - INFO - Chr6 40.0kb for ./DATA/ENCSR444WCZ.BioRep2.40kb.cool written to ./OUTPUT/PYTHON/EvenChromosomes_Weights_ENT3C_OUT.csv
2025-08-11 15:38:28,186 - INFO - Chr6 40.0kb for ./DATA/ENCSR346DCU.BioRep1.40kb.cool written to ./OUTPUT/PYTHON/EvenChromosomes_Weights_ENT3C_OUT.csv
2025-08-11 15:38:39,965 - INFO - Chr6 40.0kb for ./DATA/ENCSR346DCU.BioRep2.40kb.cool written to ./OUTPUT/PYTHON/EvenChromosomes_Weights_ENT3C_OUT.csv
2025-08-11 15:38:53,467 - INFO - Chr6 40.0kb for ./DATA/4DNESWST3UBH.BioRep1.40kb.cool written to ./OUTPUT/PYTHON/EvenChromosomes_Weights_ENT3C_OUT.csv
2025-08-11 15:39:06,791 - INFO - Chr6 40.0kb for ./DATA/4DNESWST3UBH.BioRep2.40kb.cool written to ./OUTPUT/PYTHON/EvenChromosomes_Weights_ENT3C_OUT.csv
2025-08-11 15:39:18,853 - INFO - Chr6 40.0kb for ./DATA/4DNESWST3UBH.BioRep3.40kb.cool written to ./OUTPUT/PYTHON/EvenChromosomes_Weights_ENT3C_OUT.csv
2025-08-11 15:39:33,871 - INFO - Chr6 40.0kb for ./DATA/4DNFI9GMP2J8.BioRep1.40kb.cool written to ./OUTPUT/PYTHON/EvenChromosomes_Weights_ENT3C_OUT.csv
2025-08-11 15:39:48,853 - INFO - Chr6 40.0kb for ./DATA/4DNFI9GMP2J8.BioRep2.40kb.cool written to ./OUTPUT/PYTHON/EvenChromosomes_Weights_ENT3C_OUT.csv
2025-08-11 15:40:05,385 - INFO - SUB_M_SIZE 500 ,WN 491, phi 6
2025-08-11 15:40:05,392 - INFO - Chr8 40.0kb for ./DATA/ENCSR079VIJ.BioRep1.40kb.cool written to ./OUTPUT/PYTHON/EvenChromosomes_Weights_ENT3C_OUT.csv
2025-08-11 15:40:16,121 - INFO - Chr8 40.0kb for ./DATA/ENCSR079VIJ.BioRep2.40kb.cool written to ./OUTPUT/PYTHON/EvenChromosomes_Weights_ENT3C_OUT.csv
2025-08-11 15:40:27,864 - INFO - Chr8 40.0kb for ./DATA/ENCSR444WCZ.BioRep1.40kb.cool written to ./OUTPUT/PYTHON/EvenChromosomes_Weights_ENT3C_OUT.csv
2025-08-11 15:40:40,858 - INFO - Chr8 40.0kb for ./DATA/ENCSR444WCZ.BioRep2.40kb.cool written to ./OUTPUT/PYTHON/EvenChromosomes_Weights_ENT3C_OUT.csv
2025-08-11 15:40:53,466 - INFO - Chr8 40.0kb for ./DATA/ENCSR346DCU.BioRep1.40kb.cool written to ./OUTPUT/PYTHON/EvenChromosomes_Weights_ENT3C_OUT.csv
2025-08-11 15:41:04,266 - INFO - Chr8 40.0kb for ./DATA/ENCSR346DCU.BioRep2.40kb.cool written to ./OUTPUT/PYTHON/EvenChromosomes_Weights_ENT3C_OUT.csv
2025-08-11 15:41:15,513 - INFO - Chr8 40.0kb for ./DATA/4DNESWST3UBH.BioRep1.40kb.cool written to ./OUTPUT/PYTHON/EvenChromosomes_Weights_ENT3C_OUT.csv
2025-08-11 15:41:28,895 - INFO - Chr8 40.0kb for ./DATA/4DNESWST3UBH.BioRep2.40kb.cool written to ./OUTPUT/PYTHON/EvenChromosomes_Weights_ENT3C_OUT.csv
2025-08-11 15:41:41,247 - INFO - Chr8 40.0kb for ./DATA/4DNESWST3UBH.BioRep3.40kb.cool written to ./OUTPUT/PYTHON/EvenChromosomes_Weights_ENT3C_OUT.csv
2025-08-11 15:41:53,135 - INFO - Chr8 40.0kb for ./DATA/4DNFI9GMP2J8.BioRep1.40kb.cool written to ./OUTPUT/PYTHON/EvenChromosomes_Weights_ENT3C_OUT.csv
2025-08-11 15:42:05,284 - INFO - Chr8 40.0kb for ./DATA/4DNFI9GMP2J8.BioRep2.40kb.cool written to ./OUTPUT/PYTHON/EvenChromosomes_Weights_ENT3C_OUT.csv
2025-08-11 15:42:18,945 - INFO - SUB_M_SIZE 500 ,WN 436, phi 6
2025-08-11 15:42:18,951 - INFO - Chr10 40.0kb for ./DATA/ENCSR079VIJ.BioRep1.40kb.cool written to ./OUTPUT/PYTHON/EvenChromosomes_Weights_ENT3C_OUT.csv
2025-08-11 15:42:29,011 - INFO - Chr10 40.0kb for ./DATA/ENCSR079VIJ.BioRep2.40kb.cool written to ./OUTPUT/PYTHON/EvenChromosomes_Weights_ENT3C_OUT.csv
2025-08-11 15:42:40,714 - INFO - Chr10 40.0kb for ./DATA/ENCSR444WCZ.BioRep1.40kb.cool written to ./OUTPUT/PYTHON/EvenChromosomes_Weights_ENT3C_OUT.csv
2025-08-11 15:42:54,310 - INFO - Chr10 40.0kb for ./DATA/ENCSR444WCZ.BioRep2.40kb.cool written to ./OUTPUT/PYTHON/EvenChromosomes_Weights_ENT3C_OUT.csv
2025-08-11 15:43:04,425 - INFO - Chr10 40.0kb for ./DATA/ENCSR346DCU.BioRep1.40kb.cool written to ./OUTPUT/PYTHON/EvenChromosomes_Weights_ENT3C_OUT.csv
2025-08-11 15:43:15,109 - INFO - Chr10 40.0kb for ./DATA/ENCSR346DCU.BioRep2.40kb.cool written to ./OUTPUT/PYTHON/EvenChromosomes_Weights_ENT3C_OUT.csv
2025-08-11 15:43:26,192 - INFO - Chr10 40.0kb for ./DATA/4DNESWST3UBH.BioRep1.40kb.cool written to ./OUTPUT/PYTHON/EvenChromosomes_Weights_ENT3C_OUT.csv
2025-08-11 15:43:36,695 - INFO - Chr10 40.0kb for ./DATA/4DNESWST3UBH.BioRep2.40kb.cool written to ./OUTPUT/PYTHON/EvenChromosomes_Weights_ENT3C_OUT.csv
2025-08-11 15:43:46,078 - INFO - Chr10 40.0kb for ./DATA/4DNESWST3UBH.BioRep3.40kb.cool written to ./OUTPUT/PYTHON/EvenChromosomes_Weights_ENT3C_OUT.csv
2025-08-11 15:43:54,688 - INFO - Chr10 40.0kb for ./DATA/4DNFI9GMP2J8.BioRep1.40kb.cool written to ./OUTPUT/PYTHON/EvenChromosomes_Weights_ENT3C_OUT.csv
2025-08-11 15:44:03,832 - INFO - Chr10 40.0kb for ./DATA/4DNFI9GMP2J8.BioRep2.40kb.cool written to ./OUTPUT/PYTHON/EvenChromosomes_Weights_ENT3C_OUT.csv
2025-08-11 15:44:16,312 - INFO - SUB_M_SIZE 500 ,WN 446, phi 6
2025-08-11 15:44:16,319 - INFO - Chr12 40.0kb for ./DATA/ENCSR079VIJ.BioRep1.40kb.cool written to ./OUTPUT/PYTHON/EvenChromosomes_Weights_ENT3C_OUT.csv
2025-08-11 15:44:25,368 - INFO - Chr12 40.0kb for ./DATA/ENCSR079VIJ.BioRep2.40kb.cool written to ./OUTPUT/PYTHON/EvenChromosomes_Weights_ENT3C_OUT.csv
2025-08-11 15:44:34,138 - INFO - Chr12 40.0kb for ./DATA/ENCSR444WCZ.BioRep1.40kb.cool written to ./OUTPUT/PYTHON/EvenChromosomes_Weights_ENT3C_OUT.csv
2025-08-11 15:44:42,957 - INFO - Chr12 40.0kb for ./DATA/ENCSR444WCZ.BioRep2.40kb.cool written to ./OUTPUT/PYTHON/EvenChromosomes_Weights_ENT3C_OUT.csv
2025-08-11 15:44:52,516 - INFO - Chr12 40.0kb for ./DATA/ENCSR346DCU.BioRep1.40kb.cool written to ./OUTPUT/PYTHON/EvenChromosomes_Weights_ENT3C_OUT.csv
2025-08-11 15:45:00,827 - INFO - Chr12 40.0kb for ./DATA/ENCSR346DCU.BioRep2.40kb.cool written to ./OUTPUT/PYTHON/EvenChromosomes_Weights_ENT3C_OUT.csv
2025-08-11 15:45:09,289 - INFO - Chr12 40.0kb for ./DATA/4DNESWST3UBH.BioRep1.40kb.cool written to ./OUTPUT/PYTHON/EvenChromosomes_Weights_ENT3C_OUT.csv
2025-08-11 15:45:18,407 - INFO - Chr12 40.0kb for ./DATA/4DNESWST3UBH.BioRep2.40kb.cool written to ./OUTPUT/PYTHON/EvenChromosomes_Weights_ENT3C_OUT.csv
2025-08-11 15:45:27,220 - INFO - Chr12 40.0kb for ./DATA/4DNESWST3UBH.BioRep3.40kb.cool written to ./OUTPUT/PYTHON/EvenChromosomes_Weights_ENT3C_OUT.csv
2025-08-11 15:45:37,330 - INFO - Chr12 40.0kb for ./DATA/4DNFI9GMP2J8.BioRep1.40kb.cool written to ./OUTPUT/PYTHON/EvenChromosomes_Weights_ENT3C_OUT.csv
2025-08-11 15:45:46,148 - INFO - Chr12 40.0kb for ./DATA/4DNFI9GMP2J8.BioRep2.40kb.cool written to ./OUTPUT/PYTHON/EvenChromosomes_Weights_ENT3C_OUT.csv
2025-08-11 15:45:53,487 - INFO - SUB_M_SIZE 500 ,WN 270, phi 6
2025-08-11 15:45:53,491 - INFO - Chr14 40.0kb for ./DATA/ENCSR079VIJ.BioRep1.40kb.cool written to ./OUTPUT/PYTHON/EvenChromosomes_Weights_ENT3C_OUT.csv
2025-08-11 15:45:59,706 - INFO - Chr14 40.0kb for ./DATA/ENCSR079VIJ.BioRep2.40kb.cool written to ./OUTPUT/PYTHON/EvenChromosomes_Weights_ENT3C_OUT.csv
2025-08-11 15:46:05,310 - INFO - Chr14 40.0kb for ./DATA/ENCSR444WCZ.BioRep1.40kb.cool written to ./OUTPUT/PYTHON/EvenChromosomes_Weights_ENT3C_OUT.csv
2025-08-11 15:46:10,464 - INFO - Chr14 40.0kb for ./DATA/ENCSR444WCZ.BioRep2.40kb.cool written to ./OUTPUT/PYTHON/EvenChromosomes_Weights_ENT3C_OUT.csv
2025-08-11 15:46:15,597 - INFO - Chr14 40.0kb for ./DATA/ENCSR346DCU.BioRep1.40kb.cool written to ./OUTPUT/PYTHON/EvenChromosomes_Weights_ENT3C_OUT.csv
2025-08-11 15:46:23,809 - INFO - Chr14 40.0kb for ./DATA/ENCSR346DCU.BioRep2.40kb.cool written to ./OUTPUT/PYTHON/EvenChromosomes_Weights_ENT3C_OUT.csv
2025-08-11 15:46:29,809 - INFO - Chr14 40.0kb for ./DATA/4DNESWST3UBH.BioRep1.40kb.cool written to ./OUTPUT/PYTHON/EvenChromosomes_Weights_ENT3C_OUT.csv
2025-08-11 15:46:36,203 - INFO - Chr14 40.0kb for ./DATA/4DNESWST3UBH.BioRep2.40kb.cool written to ./OUTPUT/PYTHON/EvenChromosomes_Weights_ENT3C_OUT.csv
2025-08-11 15:46:42,428 - INFO - Chr14 40.0kb for ./DATA/4DNESWST3UBH.BioRep3.40kb.cool written to ./OUTPUT/PYTHON/EvenChromosomes_Weights_ENT3C_OUT.csv
2025-08-11 15:46:48,742 - INFO - Chr14 40.0kb for ./DATA/4DNFI9GMP2J8.BioRep1.40kb.cool written to ./OUTPUT/PYTHON/EvenChromosomes_Weights_ENT3C_OUT.csv
2025-08-11 15:46:54,285 - INFO - Chr14 40.0kb for ./DATA/4DNFI9GMP2J8.BioRep2.40kb.cool written to ./OUTPUT/PYTHON/EvenChromosomes_Weights_ENT3C_OUT.csv
2025-08-11 15:46:59,759 - INFO - SUB_M_SIZE 500 ,WN 201, phi 6
2025-08-11 15:46:59,765 - INFO - Chr16 40.0kb for ./DATA/ENCSR079VIJ.BioRep1.40kb.cool written to ./OUTPUT/PYTHON/EvenChromosomes_Weights_ENT3C_OUT.csv
2025-08-11 15:47:03,752 - INFO - Chr16 40.0kb for ./DATA/ENCSR079VIJ.BioRep2.40kb.cool written to ./OUTPUT/PYTHON/EvenChromosomes_Weights_ENT3C_OUT.csv
2025-08-11 15:47:07,497 - INFO - Chr16 40.0kb for ./DATA/ENCSR444WCZ.BioRep1.40kb.cool written to ./OUTPUT/PYTHON/EvenChromosomes_Weights_ENT3C_OUT.csv
2025-08-11 15:47:11,526 - INFO - Chr16 40.0kb for ./DATA/ENCSR444WCZ.BioRep2.40kb.cool written to ./OUTPUT/PYTHON/EvenChromosomes_Weights_ENT3C_OUT.csv
2025-08-11 15:47:15,189 - INFO - Chr16 40.0kb for ./DATA/ENCSR346DCU.BioRep1.40kb.cool written to ./OUTPUT/PYTHON/EvenChromosomes_Weights_ENT3C_OUT.csv
2025-08-11 15:47:18,897 - INFO - Chr16 40.0kb for ./DATA/ENCSR346DCU.BioRep2.40kb.cool written to ./OUTPUT/PYTHON/EvenChromosomes_Weights_ENT3C_OUT.csv
2025-08-11 15:47:23,018 - INFO - Chr16 40.0kb for ./DATA/4DNESWST3UBH.BioRep1.40kb.cool written to ./OUTPUT/PYTHON/EvenChromosomes_Weights_ENT3C_OUT.csv
2025-08-11 15:47:27,068 - INFO - Chr16 40.0kb for ./DATA/4DNESWST3UBH.BioRep2.40kb.cool written to ./OUTPUT/PYTHON/EvenChromosomes_Weights_ENT3C_OUT.csv
2025-08-11 15:47:30,974 - INFO - Chr16 40.0kb for ./DATA/4DNESWST3UBH.BioRep3.40kb.cool written to ./OUTPUT/PYTHON/EvenChromosomes_Weights_ENT3C_OUT.csv
2025-08-11 15:47:34,856 - INFO - Chr16 40.0kb for ./DATA/4DNFI9GMP2J8.BioRep1.40kb.cool written to ./OUTPUT/PYTHON/EvenChromosomes_Weights_ENT3C_OUT.csv
2025-08-11 15:47:39,316 - INFO - Chr16 40.0kb for ./DATA/4DNFI9GMP2J8.BioRep2.40kb.cool written to ./OUTPUT/PYTHON/EvenChromosomes_Weights_ENT3C_OUT.csv
2025-08-11 15:47:46,300 - INFO - SUB_M_SIZE 500 ,WN 222, phi 6
2025-08-11 15:47:46,305 - INFO - Chr18 40.0kb for ./DATA/ENCSR079VIJ.BioRep1.40kb.cool written to ./OUTPUT/PYTHON/EvenChromosomes_Weights_ENT3C_OUT.csv
2025-08-11 15:47:50,769 - INFO - Chr18 40.0kb for ./DATA/ENCSR079VIJ.BioRep2.40kb.cool written to ./OUTPUT/PYTHON/EvenChromosomes_Weights_ENT3C_OUT.csv
2025-08-11 15:47:55,104 - INFO - Chr18 40.0kb for ./DATA/ENCSR444WCZ.BioRep1.40kb.cool written to ./OUTPUT/PYTHON/EvenChromosomes_Weights_ENT3C_OUT.csv
2025-08-11 15:48:00,340 - INFO - Chr18 40.0kb for ./DATA/ENCSR444WCZ.BioRep2.40kb.cool written to ./OUTPUT/PYTHON/EvenChromosomes_Weights_ENT3C_OUT.csv
2025-08-11 15:48:05,557 - INFO - Chr18 40.0kb for ./DATA/ENCSR346DCU.BioRep1.40kb.cool written to ./OUTPUT/PYTHON/EvenChromosomes_Weights_ENT3C_OUT.csv
2025-08-11 15:48:11,222 - INFO - Chr18 40.0kb for ./DATA/ENCSR346DCU.BioRep2.40kb.cool written to ./OUTPUT/PYTHON/EvenChromosomes_Weights_ENT3C_OUT.csv
2025-08-11 15:48:15,728 - INFO - Chr18 40.0kb for ./DATA/4DNESWST3UBH.BioRep1.40kb.cool written to ./OUTPUT/PYTHON/EvenChromosomes_Weights_ENT3C_OUT.csv
2025-08-11 15:48:19,978 - INFO - Chr18 40.0kb for ./DATA/4DNESWST3UBH.BioRep2.40kb.cool written to ./OUTPUT/PYTHON/EvenChromosomes_Weights_ENT3C_OUT.csv
2025-08-11 15:48:24,602 - INFO - Chr18 40.0kb for ./DATA/4DNESWST3UBH.BioRep3.40kb.cool written to ./OUTPUT/PYTHON/EvenChromosomes_Weights_ENT3C_OUT.csv
2025-08-11 15:48:28,906 - INFO - Chr18 40.0kb for ./DATA/4DNFI9GMP2J8.BioRep1.40kb.cool written to ./OUTPUT/PYTHON/EvenChromosomes_Weights_ENT3C_OUT.csv
2025-08-11 15:48:33,053 - INFO - Chr18 40.0kb for ./DATA/4DNFI9GMP2J8.BioRep2.40kb.cool written to ./OUTPUT/PYTHON/EvenChromosomes_Weights_ENT3C_OUT.csv
2025-08-11 15:48:37,343 - INFO - SUB_M_SIZE 500 ,WN 158, phi 6
2025-08-11 15:48:37,347 - INFO - Chr20 40.0kb for ./DATA/ENCSR079VIJ.BioRep1.40kb.cool written to ./OUTPUT/PYTHON/EvenChromosomes_Weights_ENT3C_OUT.csv
2025-08-11 15:48:41,935 - INFO - Chr20 40.0kb for ./DATA/ENCSR079VIJ.BioRep2.40kb.cool written to ./OUTPUT/PYTHON/EvenChromosomes_Weights_ENT3C_OUT.csv
2025-08-11 15:48:45,531 - INFO - Chr20 40.0kb for ./DATA/ENCSR444WCZ.BioRep1.40kb.cool written to ./OUTPUT/PYTHON/EvenChromosomes_Weights_ENT3C_OUT.csv
2025-08-11 15:48:48,903 - INFO - Chr20 40.0kb for ./DATA/ENCSR444WCZ.BioRep2.40kb.cool written to ./OUTPUT/PYTHON/EvenChromosomes_Weights_ENT3C_OUT.csv
2025-08-11 15:48:52,590 - INFO - Chr20 40.0kb for ./DATA/ENCSR346DCU.BioRep1.40kb.cool written to ./OUTPUT/PYTHON/EvenChromosomes_Weights_ENT3C_OUT.csv
2025-08-11 15:48:56,206 - INFO - Chr20 40.0kb for ./DATA/ENCSR346DCU.BioRep2.40kb.cool written to ./OUTPUT/PYTHON/EvenChromosomes_Weights_ENT3C_OUT.csv
2025-08-11 15:48:59,383 - INFO - Chr20 40.0kb for ./DATA/4DNESWST3UBH.BioRep1.40kb.cool written to ./OUTPUT/PYTHON/EvenChromosomes_Weights_ENT3C_OUT.csv
2025-08-11 15:49:02,786 - INFO - Chr20 40.0kb for ./DATA/4DNESWST3UBH.BioRep2.40kb.cool written to ./OUTPUT/PYTHON/EvenChromosomes_Weights_ENT3C_OUT.csv
2025-08-11 15:49:05,994 - INFO - Chr20 40.0kb for ./DATA/4DNESWST3UBH.BioRep3.40kb.cool written to ./OUTPUT/PYTHON/EvenChromosomes_Weights_ENT3C_OUT.csv
2025-08-11 15:49:09,317 - INFO - Chr20 40.0kb for ./DATA/4DNFI9GMP2J8.BioRep1.40kb.cool written to ./OUTPUT/PYTHON/EvenChromosomes_Weights_ENT3C_OUT.csv
2025-08-11 15:49:14,991 - INFO - Chr20 40.0kb for ./DATA/4DNFI9GMP2J8.BioRep2.40kb.cool written to ./OUTPUT/PYTHON/EvenChromosomes_Weights_ENT3C_OUT.csv
2025-08-11 15:49:16,796 - INFO - SUB_M_SIZE 500 ,WN 46, phi 6
2025-08-11 15:49:16,800 - INFO - Chr22 40.0kb for ./DATA/ENCSR079VIJ.BioRep1.40kb.cool written to ./OUTPUT/PYTHON/EvenChromosomes_Weights_ENT3C_OUT.csv
2025-08-11 15:49:18,228 - INFO - Chr22 40.0kb for ./DATA/ENCSR079VIJ.BioRep2.40kb.cool written to ./OUTPUT/PYTHON/EvenChromosomes_Weights_ENT3C_OUT.csv
2025-08-11 15:49:19,281 - INFO - Chr22 40.0kb for ./DATA/ENCSR444WCZ.BioRep1.40kb.cool written to ./OUTPUT/PYTHON/EvenChromosomes_Weights_ENT3C_OUT.csv
2025-08-11 15:49:21,260 - INFO - Chr22 40.0kb for ./DATA/ENCSR444WCZ.BioRep2.40kb.cool written to ./OUTPUT/PYTHON/EvenChromosomes_Weights_ENT3C_OUT.csv
2025-08-11 15:49:22,923 - INFO - Chr22 40.0kb for ./DATA/ENCSR346DCU.BioRep1.40kb.cool written to ./OUTPUT/PYTHON/EvenChromosomes_Weights_ENT3C_OUT.csv
2025-08-11 15:49:24,996 - INFO - Chr22 40.0kb for ./DATA/ENCSR346DCU.BioRep2.40kb.cool written to ./OUTPUT/PYTHON/EvenChromosomes_Weights_ENT3C_OUT.csv
2025-08-11 15:49:26,618 - INFO - Chr22 40.0kb for ./DATA/4DNESWST3UBH.BioRep1.40kb.cool written to ./OUTPUT/PYTHON/EvenChromosomes_Weights_ENT3C_OUT.csv
2025-08-11 15:49:28,198 - INFO - Chr22 40.0kb for ./DATA/4DNESWST3UBH.BioRep2.40kb.cool written to ./OUTPUT/PYTHON/EvenChromosomes_Weights_ENT3C_OUT.csv
2025-08-11 15:49:29,800 - INFO - Chr22 40.0kb for ./DATA/4DNESWST3UBH.BioRep3.40kb.cool written to ./OUTPUT/PYTHON/EvenChromosomes_Weights_ENT3C_OUT.csv
2025-08-11 15:49:31,312 - INFO - Chr22 40.0kb for ./DATA/4DNFI9GMP2J8.BioRep1.40kb.cool written to ./OUTPUT/PYTHON/EvenChromosomes_Weights_ENT3C_OUT.csv
2025-08-11 15:49:33,128 - INFO - Chr22 40.0kb for ./DATA/4DNFI9GMP2J8.BioRep2.40kb.cool written to ./OUTPUT/PYTHON/EvenChromosomes_Weights_ENT3C_OUT.csv
2025-08-11 15:49:48,335 - INFO - SUB_M_SIZE 500 ,WN 507, phi 6
2025-08-11 15:49:48,342 - INFO - ChrX 40.0kb for ./DATA/ENCSR079VIJ.BioRep1.40kb.cool written to ./OUTPUT/PYTHON/EvenChromosomes_Weights_ENT3C_OUT.csv
2025-08-11 15:50:01,215 - INFO - ChrX 40.0kb for ./DATA/ENCSR079VIJ.BioRep2.40kb.cool written to ./OUTPUT/PYTHON/EvenChromosomes_Weights_ENT3C_OUT.csv
2025-08-11 15:50:14,676 - INFO - ChrX 40.0kb for ./DATA/ENCSR444WCZ.BioRep1.40kb.cool written to ./OUTPUT/PYTHON/EvenChromosomes_Weights_ENT3C_OUT.csv
2025-08-11 15:50:28,627 - INFO - ChrX 40.0kb for ./DATA/ENCSR444WCZ.BioRep2.40kb.cool written to ./OUTPUT/PYTHON/EvenChromosomes_Weights_ENT3C_OUT.csv
2025-08-11 15:50:42,609 - INFO - ChrX 40.0kb for ./DATA/ENCSR346DCU.BioRep1.40kb.cool written to ./OUTPUT/PYTHON/EvenChromosomes_Weights_ENT3C_OUT.csv
2025-08-11 15:50:53,565 - INFO - ChrX 40.0kb for ./DATA/ENCSR346DCU.BioRep2.40kb.cool written to ./OUTPUT/PYTHON/EvenChromosomes_Weights_ENT3C_OUT.csv
2025-08-11 15:51:04,517 - INFO - ChrX 40.0kb for ./DATA/4DNESWST3UBH.BioRep1.40kb.cool written to ./OUTPUT/PYTHON/EvenChromosomes_Weights_ENT3C_OUT.csv
2025-08-11 15:51:15,616 - INFO - ChrX 40.0kb for ./DATA/4DNESWST3UBH.BioRep2.40kb.cool written to ./OUTPUT/PYTHON/EvenChromosomes_Weights_ENT3C_OUT.csv
2025-08-11 15:51:27,291 - INFO - ChrX 40.0kb for ./DATA/4DNESWST3UBH.BioRep3.40kb.cool written to ./OUTPUT/PYTHON/EvenChromosomes_Weights_ENT3C_OUT.csv
2025-08-11 15:51:38,197 - INFO - ChrX 40.0kb for ./DATA/4DNFI9GMP2J8.BioRep1.40kb.cool written to ./OUTPUT/PYTHON/EvenChromosomes_Weights_ENT3C_OUT.csv
2025-08-11 15:51:48,157 - INFO - ChrX 40.0kb for ./DATA/4DNFI9GMP2J8.BioRep2.40kb.cool written to ./OUTPUT/PYTHON/EvenChromosomes_Weights_ENT3C_OUT.csv
2025-08-11 15:51:48,170 - INFO - Inputs: G401_BR1, G401_BR2, A549_BR1, A549_BR2, LNCap_BR1, LNCap_BR2, HFFc6_BR1, HFFc6_BR2, HFFc6_BR3, H1-hESC_BR1, H1-hESC_BR2
2025-08-11 15:51:48,170 - INFO - Apply cooler weights? yes. Name in cooler:w, e, i, g, h, t
2025-08-11 15:51:48,170 - INFO - CHRSPLIT: nan
2025-08-11 15:51:48,170 - INFO - Sub matrix size PHI: 500
2025-08-11 15:51:48,170 - INFO - Window shift phi: 1
2025-08-11 15:51:48,170 - INFO - Chromosomes: ['2', '4', '6', '8', '10', '12', '14', '16', '18', '20', '22', 'X']
2025-08-11 15:51:48,171 - INFO - Resolutions: [40000]
2025-08-11 15:51:55,180 - INFO - Namespace(command='run_all', config='config/config.Norm.json')
