2025-07-21 15:36:09,474 - INFO - Inputs: G401_BR1, G401_BR2, A549_BR1, A549_BR2, LNCap_BR1, LNCap_BR2, HFFc6_BR1, HFFc6_BR2, HFFc6_BR3, H1-hESC_BR1, H1-hESC_BR2
2025-07-21 15:36:09,474 - INFO - Apply cooler weights? no.
2025-07-21 15:36:09,474 - INFO - CHRSPLIT: 10
2025-07-21 15:36:09,474 - INFO - Sub matrix size PHI: nan
2025-07-21 15:36:09,474 - INFO - Window shift phi: 1
2025-07-21 15:36:09,474 - INFO - Chromosomes: ['2', '4', '6', '8', '10', '12', '14', '16', '18', '20', '22', 'X']
2025-07-21 15:36:09,474 - INFO - Resolutions: [40000]
2025-07-21 15:36:09,475 - INFO - Namespace(command='run_all', config='config/config.json')
2025-07-21 15:36:09,475 - INFO - Inputs: G401_BR1, G401_BR2, A549_BR1, A549_BR2, LNCap_BR1, LNCap_BR2, HFFc6_BR1, HFFc6_BR2, HFFc6_BR3, H1-hESC_BR1, H1-hESC_BR2
2025-07-21 15:36:09,475 - INFO - Apply cooler weights? no.
2025-07-21 15:36:09,475 - INFO - CHRSPLIT: 10
2025-07-21 15:36:09,475 - INFO - Sub matrix size PHI: nan
2025-07-21 15:36:09,475 - INFO - Window shift phi: 1
2025-07-21 15:36:09,475 - INFO - Chromosomes: ['2', '4', '6', '8', '10', '12', '14', '16', '18', '20', '22', 'X']
2025-07-21 15:36:09,475 - INFO - Resolutions: [40000]
2025-07-21 15:36:09,478 - INFO - Inputs: G401_BR1, G401_BR2, A549_BR1, A549_BR2, LNCap_BR1, LNCap_BR2, HFFc6_BR1, HFFc6_BR2, HFFc6_BR3, H1-hESC_BR1, H1-hESC_BR2
2025-07-21 15:36:09,478 - INFO - Apply cooler weights? no.
2025-07-21 15:36:09,478 - INFO - CHRSPLIT: 10
2025-07-21 15:36:09,478 - INFO - Sub matrix size PHI: nan
2025-07-21 15:36:09,478 - INFO - Window shift phi: 1
2025-07-21 15:36:09,478 - INFO - Chromosomes: ['2', '4', '6', '8', '10', '12', '14', '16', '18', '20', '22', 'X']
2025-07-21 15:36:09,478 - INFO - Resolutions: [40000]
2025-07-21 15:51:50,473 - INFO - Inputs: G401_BR1, G401_BR2, A549_BR1, A549_BR2, LNCap_BR1, LNCap_BR2, HFFc6_BR1, HFFc6_BR2, HFFc6_BR3, H1-hESC_BR1, H1-hESC_BR2
2025-07-21 15:51:50,473 - INFO - Apply cooler weights? no.
2025-07-21 15:51:50,473 - INFO - CHRSPLIT: 10
2025-07-21 15:51:50,473 - INFO - Sub matrix size PHI: nan
2025-07-21 15:51:50,473 - INFO - Window shift phi: 1
2025-07-21 15:51:50,473 - INFO - Chromosomes: ['2', '4', '6', '8', '10', '12', '14', '16', '18', '20', '22', 'X']
2025-07-21 15:51:50,473 - INFO - Resolutions: [40000]
2025-07-21 15:51:59,132 - INFO - Namespace(command='run_all', config='config/config.json')
