2025-08-11 15:03:46,472 - INFO - Inputs: G401, A549, LNCap, HFFc6, H1-hESC
2025-08-11 15:03:46,473 - INFO - Apply cooler weights? no.
2025-08-11 15:03:46,473 - INFO - CHRSPLIT: 10
2025-08-11 15:03:46,473 - INFO - Sub matrix size PHI: nan
2025-08-11 15:03:46,473 - INFO - Window shift phi: 1
2025-08-11 15:03:46,473 - INFO - Chromosomes: ['20', '21', '22']
2025-08-11 15:03:46,473 - INFO - Resolutions: [40000, 100000]
2025-08-11 15:03:46,473 - INFO - Namespace(command='run_all', config='config/config.multiResolution.noNorm.pooledBRs.json')
2025-08-11 15:03:46,473 - INFO - Inputs: G401, A549, LNCap, HFFc6, H1-hESC
2025-08-11 15:03:46,473 - INFO - Apply cooler weights? no.
2025-08-11 15:03:46,473 - INFO - CHRSPLIT: 10
2025-08-11 15:03:46,473 - INFO - Sub matrix size PHI: nan
2025-08-11 15:03:46,473 - INFO - Window shift phi: 1
2025-08-11 15:03:46,473 - INFO - Chromosomes: ['20', '21', '22']
2025-08-11 15:03:46,473 - INFO - Resolutions: [40000, 100000]
2025-08-11 15:03:46,476 - INFO - Inputs: G401, A549, LNCap, HFFc6, H1-hESC
2025-08-11 15:03:46,476 - INFO - Apply cooler weights? no.
2025-08-11 15:03:46,476 - INFO - CHRSPLIT: 10
2025-08-11 15:03:46,476 - INFO - Sub matrix size PHI: nan
2025-08-11 15:03:46,476 - INFO - Window shift phi: 1
2025-08-11 15:03:46,476 - INFO - Chromosomes: ['20', '21', '22']
2025-08-11 15:03:46,476 - INFO - Resolutions: [40000, 100000]
2025-08-11 15:03:49,193 - INFO - SUB_M_SIZE 156 ,WN 1410, phi 1
2025-08-11 15:03:49,207 - INFO - Chr20 40.0kb for /HDD3/DocumentsHDD3/07_2022-/Mapping/ENCSR079VIJ_G401/PreProcessed/ENCSR079VIJ_G401combined.mcool written to OUTPUT/PYTHON/multi_resolutions_NOTnormalized_ENT3C_OUT.csv
2025-08-11 15:03:51,458 - INFO - Chr20 40.0kb for /HDD3/DocumentsHDD3/07_2022-/Mapping/ENCSR444WCZ_A549/PreProcessed/ENCSR444WCZ_A549combined.mcool written to OUTPUT/PYTHON/multi_resolutions_NOTnormalized_ENT3C_OUT.csv
2025-08-11 15:03:53,846 - INFO - Chr20 40.0kb for /HDD3/DocumentsHDD3/07_2022-/Mapping/ENCSR346DCU_LNCaP/PreProcessed/ENCSR346DCU_LNCaPcombined.mcool written to OUTPUT/PYTHON/multi_resolutions_NOTnormalized_ENT3C_OUT.csv
2025-08-11 15:03:56,154 - INFO - Chr20 40.0kb for /HDD3/DocumentsHDD3/07_2022-/Mapping/4DNESWST3UBH_HFFc6/PreProcessed/4DNESWST3UBH_HFFc6combined.mcool written to OUTPUT/PYTHON/multi_resolutions_NOTnormalized_ENT3C_OUT.csv
2025-08-11 15:03:58,405 - INFO - Chr20 40.0kb for /HDD3/DocumentsHDD3/07_2022-/Mapping/4DNFI9GMP2J8_H1-hESC/PreProcessed/4DNFI9GMP2J8_H1-hESCcombined.mcool written to OUTPUT/PYTHON/multi_resolutions_NOTnormalized_ENT3C_OUT.csv
2025-08-11 15:03:59,187 - INFO - SUB_M_SIZE 90 ,WN 816, phi 1
2025-08-11 15:03:59,193 - INFO - Chr21 40.0kb for /HDD3/DocumentsHDD3/07_2022-/Mapping/ENCSR079VIJ_G401/PreProcessed/ENCSR079VIJ_G401combined.mcool written to OUTPUT/PYTHON/multi_resolutions_NOTnormalized_ENT3C_OUT.csv
2025-08-11 15:03:59,762 - INFO - Chr21 40.0kb for /HDD3/DocumentsHDD3/07_2022-/Mapping/ENCSR444WCZ_A549/PreProcessed/ENCSR444WCZ_A549combined.mcool written to OUTPUT/PYTHON/multi_resolutions_NOTnormalized_ENT3C_OUT.csv
2025-08-11 15:04:00,336 - INFO - Chr21 40.0kb for /HDD3/DocumentsHDD3/07_2022-/Mapping/ENCSR346DCU_LNCaP/PreProcessed/ENCSR346DCU_LNCaPcombined.mcool written to OUTPUT/PYTHON/multi_resolutions_NOTnormalized_ENT3C_OUT.csv
2025-08-11 15:04:00,927 - INFO - Chr21 40.0kb for /HDD3/DocumentsHDD3/07_2022-/Mapping/4DNESWST3UBH_HFFc6/PreProcessed/4DNESWST3UBH_HFFc6combined.mcool written to OUTPUT/PYTHON/multi_resolutions_NOTnormalized_ENT3C_OUT.csv
2025-08-11 15:04:01,518 - INFO - Chr21 40.0kb for /HDD3/DocumentsHDD3/07_2022-/Mapping/4DNFI9GMP2J8_H1-hESC/PreProcessed/4DNFI9GMP2J8_H1-hESCcombined.mcool written to OUTPUT/PYTHON/multi_resolutions_NOTnormalized_ENT3C_OUT.csv
2025-08-11 15:04:02,292 - INFO - SUB_M_SIZE 92 ,WN 831, phi 1
2025-08-11 15:04:02,298 - INFO - Chr22 40.0kb for /HDD3/DocumentsHDD3/07_2022-/Mapping/ENCSR079VIJ_G401/PreProcessed/ENCSR079VIJ_G401combined.mcool written to OUTPUT/PYTHON/multi_resolutions_NOTnormalized_ENT3C_OUT.csv
2025-08-11 15:04:02,894 - INFO - Chr22 40.0kb for /HDD3/DocumentsHDD3/07_2022-/Mapping/ENCSR444WCZ_A549/PreProcessed/ENCSR444WCZ_A549combined.mcool written to OUTPUT/PYTHON/multi_resolutions_NOTnormalized_ENT3C_OUT.csv
2025-08-11 15:04:03,523 - INFO - Chr22 40.0kb for /HDD3/DocumentsHDD3/07_2022-/Mapping/ENCSR346DCU_LNCaP/PreProcessed/ENCSR346DCU_LNCaPcombined.mcool written to OUTPUT/PYTHON/multi_resolutions_NOTnormalized_ENT3C_OUT.csv
2025-08-11 15:04:04,126 - INFO - Chr22 40.0kb for /HDD3/DocumentsHDD3/07_2022-/Mapping/4DNESWST3UBH_HFFc6/PreProcessed/4DNESWST3UBH_HFFc6combined.mcool written to OUTPUT/PYTHON/multi_resolutions_NOTnormalized_ENT3C_OUT.csv
2025-08-11 15:04:04,727 - INFO - Chr22 40.0kb for /HDD3/DocumentsHDD3/07_2022-/Mapping/4DNFI9GMP2J8_H1-hESC/PreProcessed/4DNFI9GMP2J8_H1-hESCcombined.mcool written to OUTPUT/PYTHON/multi_resolutions_NOTnormalized_ENT3C_OUT.csv
2025-08-11 15:04:05,225 - INFO - SUB_M_SIZE 64 ,WN 574, phi 1
2025-08-11 15:04:05,230 - INFO - Chr20 100.0kb for /HDD3/DocumentsHDD3/07_2022-/Mapping/ENCSR079VIJ_G401/PreProcessed/ENCSR079VIJ_G401combined.mcool written to OUTPUT/PYTHON/multi_resolutions_NOTnormalized_ENT3C_OUT.csv
2025-08-11 15:04:05,510 - INFO - Chr20 100.0kb for /HDD3/DocumentsHDD3/07_2022-/Mapping/ENCSR444WCZ_A549/PreProcessed/ENCSR444WCZ_A549combined.mcool written to OUTPUT/PYTHON/multi_resolutions_NOTnormalized_ENT3C_OUT.csv
2025-08-11 15:04:05,795 - INFO - Chr20 100.0kb for /HDD3/DocumentsHDD3/07_2022-/Mapping/ENCSR346DCU_LNCaP/PreProcessed/ENCSR346DCU_LNCaPcombined.mcool written to OUTPUT/PYTHON/multi_resolutions_NOTnormalized_ENT3C_OUT.csv
2025-08-11 15:04:06,099 - INFO - Chr20 100.0kb for /HDD3/DocumentsHDD3/07_2022-/Mapping/4DNESWST3UBH_HFFc6/PreProcessed/4DNESWST3UBH_HFFc6combined.mcool written to OUTPUT/PYTHON/multi_resolutions_NOTnormalized_ENT3C_OUT.csv
2025-08-11 15:04:06,406 - INFO - Chr20 100.0kb for /HDD3/DocumentsHDD3/07_2022-/Mapping/4DNFI9GMP2J8_H1-hESC/PreProcessed/4DNFI9GMP2J8_H1-hESCcombined.mcool written to OUTPUT/PYTHON/multi_resolutions_NOTnormalized_ENT3C_OUT.csv
2025-08-11 15:04:06,654 - INFO - SUB_M_SIZE 38 ,WN 338, phi 1
2025-08-11 15:04:06,658 - INFO - Chr21 100.0kb for /HDD3/DocumentsHDD3/07_2022-/Mapping/ENCSR079VIJ_G401/PreProcessed/ENCSR079VIJ_G401combined.mcool written to OUTPUT/PYTHON/multi_resolutions_NOTnormalized_ENT3C_OUT.csv
2025-08-11 15:04:06,787 - INFO - Chr21 100.0kb for /HDD3/DocumentsHDD3/07_2022-/Mapping/ENCSR444WCZ_A549/PreProcessed/ENCSR444WCZ_A549combined.mcool written to OUTPUT/PYTHON/multi_resolutions_NOTnormalized_ENT3C_OUT.csv
2025-08-11 15:04:06,916 - INFO - Chr21 100.0kb for /HDD3/DocumentsHDD3/07_2022-/Mapping/ENCSR346DCU_LNCaP/PreProcessed/ENCSR346DCU_LNCaPcombined.mcool written to OUTPUT/PYTHON/multi_resolutions_NOTnormalized_ENT3C_OUT.csv
2025-08-11 15:04:07,057 - INFO - Chr21 100.0kb for /HDD3/DocumentsHDD3/07_2022-/Mapping/4DNESWST3UBH_HFFc6/PreProcessed/4DNESWST3UBH_HFFc6combined.mcool written to OUTPUT/PYTHON/multi_resolutions_NOTnormalized_ENT3C_OUT.csv
2025-08-11 15:04:07,197 - INFO - Chr21 100.0kb for /HDD3/DocumentsHDD3/07_2022-/Mapping/4DNFI9GMP2J8_H1-hESC/PreProcessed/4DNFI9GMP2J8_H1-hESCcombined.mcool written to OUTPUT/PYTHON/multi_resolutions_NOTnormalized_ENT3C_OUT.csv
2025-08-11 15:04:07,440 - INFO - SUB_M_SIZE 38 ,WN 342, phi 1
2025-08-11 15:04:07,443 - INFO - Chr22 100.0kb for /HDD3/DocumentsHDD3/07_2022-/Mapping/ENCSR079VIJ_G401/PreProcessed/ENCSR079VIJ_G401combined.mcool written to OUTPUT/PYTHON/multi_resolutions_NOTnormalized_ENT3C_OUT.csv
2025-08-11 15:04:07,570 - INFO - Chr22 100.0kb for /HDD3/DocumentsHDD3/07_2022-/Mapping/ENCSR444WCZ_A549/PreProcessed/ENCSR444WCZ_A549combined.mcool written to OUTPUT/PYTHON/multi_resolutions_NOTnormalized_ENT3C_OUT.csv
2025-08-11 15:04:07,707 - INFO - Chr22 100.0kb for /HDD3/DocumentsHDD3/07_2022-/Mapping/ENCSR346DCU_LNCaP/PreProcessed/ENCSR346DCU_LNCaPcombined.mcool written to OUTPUT/PYTHON/multi_resolutions_NOTnormalized_ENT3C_OUT.csv
2025-08-11 15:04:07,850 - INFO - Chr22 100.0kb for /HDD3/DocumentsHDD3/07_2022-/Mapping/4DNESWST3UBH_HFFc6/PreProcessed/4DNESWST3UBH_HFFc6combined.mcool written to OUTPUT/PYTHON/multi_resolutions_NOTnormalized_ENT3C_OUT.csv
2025-08-11 15:04:07,987 - INFO - Chr22 100.0kb for /HDD3/DocumentsHDD3/07_2022-/Mapping/4DNFI9GMP2J8_H1-hESC/PreProcessed/4DNFI9GMP2J8_H1-hESCcombined.mcool written to OUTPUT/PYTHON/multi_resolutions_NOTnormalized_ENT3C_OUT.csv
2025-08-11 15:04:07,996 - INFO - Inputs: G401, A549, LNCap, HFFc6, H1-hESC
2025-08-11 15:04:07,996 - INFO - Apply cooler weights? no.
2025-08-11 15:04:07,996 - INFO - CHRSPLIT: 10
2025-08-11 15:04:07,996 - INFO - Sub matrix size PHI: nan
2025-08-11 15:04:07,996 - INFO - Window shift phi: 1
2025-08-11 15:04:07,996 - INFO - Chromosomes: ['20', '21', '22']
2025-08-11 15:04:07,996 - INFO - Resolutions: [40000, 100000]
2025-08-11 15:04:08,868 - INFO - Namespace(command='run_all', config='config/config.multiResolution.noNorm.pooledBRs.json')
