2025-07-21 11:50:48,137 - INFO - Inputs: G401, A549, LNCap, HFFc6, H1-hESC
2025-07-21 11:50:48,137 - INFO - Apply cooler weights? yes. Name in cooler:w, e, i, g, h, t
2025-07-21 11:50:48,137 - INFO - CHRSPLIT: 10
2025-07-21 11:50:48,137 - INFO - Sub matrix size PHI: nan
2025-07-21 11:50:48,137 - INFO - Window shift phi: 1
2025-07-21 11:50:48,137 - INFO - Chromosomes: ['20', '21', '22']
2025-07-21 11:50:48,137 - INFO - Resolutions: [40000, 100000]
2025-07-21 11:50:48,137 - INFO - Namespace(command='run_all', config='config/config.multiResolution.pooledBRs.json')
2025-07-21 11:50:48,138 - INFO - Inputs: G401, A549, LNCap, HFFc6, H1-hESC
2025-07-21 11:50:48,138 - INFO - Apply cooler weights? yes. Name in cooler:w, e, i, g, h, t
2025-07-21 11:50:48,138 - INFO - CHRSPLIT: 10
2025-07-21 11:50:48,138 - INFO - Sub matrix size PHI: nan
2025-07-21 11:50:48,138 - INFO - Window shift phi: 1
2025-07-21 11:50:48,138 - INFO - Chromosomes: ['20', '21', '22']
2025-07-21 11:50:48,138 - INFO - Resolutions: [40000, 100000]
2025-07-21 11:50:48,141 - INFO - Inputs: G401, A549, LNCap, HFFc6, H1-hESC
2025-07-21 11:50:48,141 - INFO - Apply cooler weights? yes. Name in cooler:w, e, i, g, h, t
2025-07-21 11:50:48,141 - INFO - CHRSPLIT: 10
2025-07-21 11:50:48,141 - INFO - Sub matrix size PHI: nan
2025-07-21 11:50:48,141 - INFO - Window shift phi: 1
2025-07-21 11:50:48,141 - INFO - Chromosomes: ['20', '21', '22']
2025-07-21 11:50:48,141 - INFO - Resolutions: [40000, 100000]
2025-07-21 11:51:05,205 - INFO - Inputs: G401, A549, LNCap, HFFc6, H1-hESC
2025-07-21 11:51:05,205 - INFO - Apply cooler weights? yes. Name in cooler:w, e, i, g, h, t
2025-07-21 11:51:05,205 - INFO - CHRSPLIT: 10
2025-07-21 11:51:05,205 - INFO - Sub matrix size PHI: nan
2025-07-21 11:51:05,205 - INFO - Window shift phi: 1
2025-07-21 11:51:05,205 - INFO - Chromosomes: ['20', '21', '22']
2025-07-21 11:51:05,205 - INFO - Resolutions: [40000, 100000]
2025-07-21 11:51:06,258 - INFO - Namespace(command='run_all', config='config/config.multiResolution.pooledBRs.json')
